[2026-04-07T14:32:46.351Z] [INFO] Warden scan starting...
[2026-04-07T14:32:47.041Z] [INFO] Found 1 subscriber(s). Evaluating schedules...
[2026-04-07T14:32:47.063Z] [INFO] Scan complete. Dispatched: 0, Skipped: 1, Total: 1
[2026-04-07T14:35:12.711Z] [INFO] Warden starting in loop mode — scanning every 15 minute(s).
[2026-04-07T14:35:12.713Z] [INFO] Warden scan starting...
[2026-04-07T14:35:13.380Z] [INFO] Found 1 subscriber(s). Evaluating schedules...
[2026-04-07T14:35:13.404Z] [INFO] Scan complete. Dispatched: 0, Skipped: 1, Total: 1
[2026-04-07T14:50:13.409Z] [INFO] Warden scan starting...
[2026-04-07T14:50:14.110Z] [INFO] Found 1 subscriber(s). Evaluating schedules...
[2026-04-07T14:50:14.112Z] [INFO] Scan complete. Dispatched: 0, Skipped: 1, Total: 1
[2026-04-07T15:05:13.419Z] [INFO] Warden scan starting...
[2026-04-07T15:05:13.996Z] [INFO] Found 1 subscriber(s). Evaluating schedules...
[2026-04-07T15:05:13.997Z] [INFO] Scan complete. Dispatched: 0, Skipped: 1, Total: 1
[2026-04-07T15:20:13.422Z] [INFO] Warden scan starting...
[2026-04-07T15:20:13.944Z] [INFO] Found 1 subscriber(s). Evaluating schedules...
[2026-04-07T15:20:13.945Z] [INFO] Scan complete. Dispatched: 0, Skipped: 1, Total: 1
[2026-04-07T15:35:13.436Z] [INFO] Warden scan starting...
[2026-04-07T15:35:14.076Z] [INFO] Found 1 subscriber(s). Evaluating schedules...
[2026-04-07T15:35:14.077Z] [INFO] Scan complete. Dispatched: 0, Skipped: 1, Total: 1
[2026-04-07T15:50:13.445Z] [INFO] Warden scan starting...
[2026-04-07T15:50:14.056Z] [INFO] Found 1 subscriber(s). Evaluating schedules...
[2026-04-07T15:50:14.057Z] [INFO] Scan complete. Dispatched: 0, Skipped: 1, Total: 1
[2026-04-07T16:05:13.459Z] [INFO] Warden scan starting...
[2026-04-07T16:05:14.096Z] [INFO] Found 1 subscriber(s). Evaluating schedules...
[2026-04-07T16:05:14.097Z] [INFO] Scan complete. Dispatched: 0, Skipped: 1, Total: 1
[2026-04-07T16:20:13.472Z] [INFO] Warden scan starting...
[2026-04-07T16:20:13.998Z] [INFO] Found 1 subscriber(s). Evaluating schedules...
[2026-04-07T16:20:13.999Z] [INFO] Scan complete. Dispatched: 0, Skipped: 1, Total: 1
[2026-04-07T16:35:13.484Z] [INFO] Warden scan starting...
[2026-04-07T16:35:14.070Z] [INFO] Found 1 subscriber(s). Evaluating schedules...
[2026-04-07T16:35:14.071Z] [INFO] Scan complete. Dispatched: 0, Skipped: 1, Total: 1
[2026-04-07T16:50:13.496Z] [INFO] Warden scan starting...
[2026-04-07T16:50:14.181Z] [INFO] Found 1 subscriber(s). Evaluating schedules...
[2026-04-07T16:50:14.183Z] [INFO] Scan complete. Dispatched: 0, Skipped: 1, Total: 1
[2026-04-07T17:05:13.510Z] [INFO] Warden scan starting...
[2026-04-07T17:05:14.101Z] [INFO] Found 1 subscriber(s). Evaluating schedules...
[2026-04-07T17:05:14.103Z] [INFO] Scan complete. Dispatched: 0, Skipped: 1, Total: 1
[2026-04-07T17:20:13.517Z] [INFO] Warden scan starting...
[2026-04-07T17:20:13.992Z] [INFO] Found 1 subscriber(s). Evaluating schedules...
[2026-04-07T17:20:13.993Z] [INFO] Scan complete. Dispatched: 0, Skipped: 1, Total: 1
[2026-04-07T17:35:13.519Z] [INFO] Warden scan starting...
[2026-04-07T17:35:14.143Z] [INFO] Found 1 subscriber(s). Evaluating schedules...
[2026-04-07T17:35:14.144Z] [INFO] Scan complete. Dispatched: 0, Skipped: 1, Total: 1
[2026-04-07T17:50:13.528Z] [INFO] Warden scan starting...
[2026-04-07T17:50:14.069Z] [INFO] Found 1 subscriber(s). Evaluating schedules...
[2026-04-07T17:50:14.070Z] [INFO] Scan complete. Dispatched: 0, Skipped: 1, Total: 1
[2026-04-07T18:05:13.535Z] [INFO] Warden scan starting...
[2026-04-07T18:05:14.111Z] [INFO] Found 1 subscriber(s). Evaluating schedules...
[2026-04-07T18:05:14.112Z] [INFO] Scan complete. Dispatched: 0, Skipped: 1, Total: 1
[2026-04-07T18:20:13.550Z] [INFO] Warden scan starting...
[2026-04-07T18:20:14.062Z] [INFO] Found 1 subscriber(s). Evaluating schedules...
[2026-04-07T18:20:14.063Z] [INFO] Scan complete. Dispatched: 0, Skipped: 1, Total: 1
[2026-04-07T18:35:13.552Z] [INFO] Warden scan starting...
[2026-04-07T18:35:14.109Z] [INFO] Found 1 subscriber(s). Evaluating schedules...
[2026-04-07T18:35:14.110Z] [INFO] Scan complete. Dispatched: 0, Skipped: 1, Total: 1
[2026-04-07T18:50:13.558Z] [INFO] Warden scan starting...
[2026-04-07T18:50:14.062Z] [INFO] Found 1 subscriber(s). Evaluating schedules...
[2026-04-07T18:50:14.063Z] [INFO] Scan complete. Dispatched: 0, Skipped: 1, Total: 1
[2026-04-07T19:05:17.405Z] [INFO] Warden scan starting...
[2026-04-07T19:05:18.032Z] [INFO] Found 1 subscriber(s). Evaluating schedules...
[2026-04-07T19:05:18.033Z] [INFO] Scan complete. Dispatched: 0, Skipped: 1, Total: 1
[2026-04-07T19:20:17.409Z] [INFO] Warden scan starting...
[2026-04-07T19:20:18.300Z] [INFO] Found 1 subscriber(s). Evaluating schedules...
[2026-04-07T19:20:18.301Z] [INFO] Scan complete. Dispatched: 0, Skipped: 1, Total: 1
[2026-04-07T19:35:17.418Z] [INFO] Warden scan starting...
[2026-04-07T19:35:18.045Z] [INFO] Found 1 subscriber(s). Evaluating schedules...
[2026-04-07T19:35:18.047Z] [INFO] Scan complete. Dispatched: 0, Skipped: 1, Total: 1
[2026-04-07T19:50:17.431Z] [INFO] Warden scan starting...
[2026-04-07T19:50:18.003Z] [INFO] Found 1 subscriber(s). Evaluating schedules...
[2026-04-07T19:50:18.004Z] [INFO] Scan complete. Dispatched: 0, Skipped: 1, Total: 1
[2026-04-07T20:05:17.437Z] [INFO] Warden scan starting...
[2026-04-07T20:05:18.062Z] [INFO] Found 1 subscriber(s). Evaluating schedules...
[2026-04-07T20:05:18.063Z] [INFO] Scan complete. Dispatched: 0, Skipped: 1, Total: 1
[2026-04-07T20:20:17.438Z] [INFO] Warden scan starting...
[2026-04-07T20:20:18.044Z] [INFO] Found 1 subscriber(s). Evaluating schedules...
[2026-04-07T20:20:18.045Z] [INFO] Scan complete. Dispatched: 0, Skipped: 1, Total: 1
[2026-04-07T20:35:17.444Z] [INFO] Warden scan starting...
[2026-04-07T20:35:18.026Z] [INFO] Found 1 subscriber(s). Evaluating schedules...
[2026-04-07T20:35:18.028Z] [INFO] Scan complete. Dispatched: 0, Skipped: 1, Total: 1
[2026-04-07T20:50:17.458Z] [INFO] Warden scan starting...
[2026-04-07T20:50:18.007Z] [INFO] Found 1 subscriber(s). Evaluating schedules...
[2026-04-07T20:50:18.008Z] [INFO] Scan complete. Dispatched: 0, Skipped: 1, Total: 1
[2026-04-07T21:05:17.470Z] [INFO] Warden scan starting...
[2026-04-07T21:05:18.149Z] [INFO] Found 1 subscriber(s). Evaluating schedules...
[2026-04-07T21:05:18.150Z] [INFO] Scan complete. Dispatched: 0, Skipped: 1, Total: 1
[2026-04-07T21:20:17.480Z] [INFO] Warden scan starting...
[2026-04-07T21:20:18.052Z] [INFO] Found 1 subscriber(s). Evaluating schedules...
[2026-04-07T21:20:18.053Z] [INFO] Scan complete. Dispatched: 0, Skipped: 1, Total: 1
[2026-04-07T21:35:17.484Z] [INFO] Warden scan starting...
[2026-04-07T21:35:18.092Z] [INFO] Found 1 subscriber(s). Evaluating schedules...
[2026-04-07T21:35:18.093Z] [INFO] Scan complete. Dispatched: 0, Skipped: 1, Total: 1
[2026-04-07T21:50:17.493Z] [INFO] Warden scan starting...
[2026-04-07T21:50:17.999Z] [INFO] Found 1 subscriber(s). Evaluating schedules...
[2026-04-07T21:50:18.000Z] [INFO] Scan complete. Dispatched: 0, Skipped: 1, Total: 1
[2026-04-07T22:05:17.499Z] [INFO] Warden scan starting...
[2026-04-07T22:05:18.100Z] [INFO] Found 1 subscriber(s). Evaluating schedules...
[2026-04-07T22:05:18.102Z] [INFO] Scan complete. Dispatched: 0, Skipped: 1, Total: 1
[2026-04-07T22:20:17.511Z] [INFO] Warden scan starting...
[2026-04-07T22:20:18.037Z] [INFO] Found 1 subscriber(s). Evaluating schedules...
[2026-04-07T22:20:18.038Z] [INFO] Scan complete. Dispatched: 0, Skipped: 1, Total: 1
[2026-04-07T22:35:17.519Z] [INFO] Warden scan starting...
[2026-04-07T22:35:18.104Z] [INFO] Found 1 subscriber(s). Evaluating schedules...
[2026-04-07T22:35:18.105Z] [INFO] Scan complete. Dispatched: 0, Skipped: 1, Total: 1
[2026-04-07T22:50:17.520Z] [INFO] Warden scan starting...
[2026-04-07T22:50:18.240Z] [INFO] Found 1 subscriber(s). Evaluating schedules...
[2026-04-07T22:50:18.241Z] [INFO] Scan complete. Dispatched: 0, Skipped: 1, Total: 1
[2026-04-07T23:05:17.528Z] [INFO] Warden scan starting...
[2026-04-07T23:05:18.214Z] [INFO] Found 1 subscriber(s). Evaluating schedules...
[2026-04-07T23:05:18.215Z] [INFO] Scan complete. Dispatched: 0, Skipped: 1, Total: 1
[2026-04-07T23:20:17.535Z] [INFO] Warden scan starting...
[2026-04-07T23:20:18.033Z] [INFO] Found 1 subscriber(s). Evaluating schedules...
[2026-04-07T23:20:18.034Z] [INFO] Scan complete. Dispatched: 0, Skipped: 1, Total: 1
[2026-04-07T23:35:17.536Z] [INFO] Warden scan starting...
[2026-04-07T23:35:18.077Z] [INFO] Found 1 subscriber(s). Evaluating schedules...
[2026-04-07T23:35:18.078Z] [INFO] Scan complete. Dispatched: 0, Skipped: 1, Total: 1
[2026-04-07T23:50:17.536Z] [INFO] Warden scan starting...
[2026-04-07T23:50:18.029Z] [INFO] Found 1 subscriber(s). Evaluating schedules...
[2026-04-07T23:50:18.030Z] [INFO] Scan complete. Dispatched: 0, Skipped: 1, Total: 1
[2026-04-08T00:05:17.538Z] [INFO] Warden scan starting...
[2026-04-08T00:05:18.091Z] [INFO] Found 1 subscriber(s). Evaluating schedules...
[2026-04-08T00:05:18.093Z] [INFO] Scan complete. Dispatched: 0, Skipped: 1, Total: 1
[2026-04-08T00:20:17.549Z] [INFO] Warden scan starting...
[2026-04-08T00:20:18.035Z] [INFO] Found 1 subscriber(s). Evaluating schedules...
[2026-04-08T00:20:18.036Z] [INFO] Scan complete. Dispatched: 0, Skipped: 1, Total: 1
[2026-04-08T00:35:17.551Z] [INFO] Warden scan starting...
[2026-04-08T00:35:18.148Z] [INFO] Found 1 subscriber(s). Evaluating schedules...
[2026-04-08T00:35:18.149Z] [INFO] Scan complete. Dispatched: 0, Skipped: 1, Total: 1
[2026-04-08T00:50:17.559Z] [INFO] Warden scan starting...
[2026-04-08T00:50:18.041Z] [INFO] Found 1 subscriber(s). Evaluating schedules...
[2026-04-08T00:50:18.042Z] [INFO] Scan complete. Dispatched: 0, Skipped: 1, Total: 1
[2026-04-08T01:05:17.559Z] [INFO] Warden scan starting...
[2026-04-08T01:05:18.131Z] [INFO] Found 1 subscriber(s). Evaluating schedules...
[2026-04-08T01:05:18.280Z] [INFO] Generating brief for Jonas (sub_l0c6p2n8)
[2026-04-08T01:07:02.702Z] [ERROR] Failed to dispatch for Jonas (sub_l0c6p2n8): Unexpected token '`', "```json
{
"... is not valid JSON
[2026-04-08T01:07:02.702Z] [INFO] Scan complete. Dispatched: 0, Skipped: 0, Total: 1
[2026-04-08T01:20:17.564Z] [INFO] Warden scan starting...
[2026-04-08T01:20:18.113Z] [INFO] Found 1 subscriber(s). Evaluating schedules...
[2026-04-08T01:20:18.226Z] [INFO] Generating brief for Jonas (sub_l0c6p2n8)
[2026-04-08T01:22:03.689Z] [ERROR] Failed to dispatch for Jonas (sub_l0c6p2n8): Unexpected token '`', "```json
{
"... is not valid JSON
[2026-04-08T01:22:03.689Z] [INFO] Scan complete. Dispatched: 0, Skipped: 0, Total: 1
[2026-04-08T01:35:17.566Z] [INFO] Warden scan starting...
[2026-04-08T01:35:18.109Z] [INFO] Found 1 subscriber(s). Evaluating schedules...
[2026-04-08T01:35:18.226Z] [INFO] Generating brief for Jonas (sub_l0c6p2n8)
[2026-04-08T01:37:05.159Z] [ERROR] Failed to dispatch for Jonas (sub_l0c6p2n8): Unexpected token '`', "```json
{
"... is not valid JSON
[2026-04-08T01:37:05.159Z] [INFO] Scan complete. Dispatched: 0, Skipped: 0, Total: 1
[2026-04-08T01:50:17.573Z] [INFO] Warden scan starting...
[2026-04-08T01:50:18.121Z] [INFO] Found 1 subscriber(s). Evaluating schedules...
[2026-04-08T01:50:18.229Z] [INFO] Generating brief for Jonas (sub_l0c6p2n8)
[2026-04-08T01:52:07.496Z] [ERROR] Failed to dispatch for Jonas (sub_l0c6p2n8): fetch failed
[2026-04-08T01:52:07.497Z] [INFO] Scan complete. Dispatched: 0, Skipped: 0, Total: 1
[2026-04-08T02:05:17.576Z] [INFO] Warden scan starting...
[2026-04-08T02:05:18.177Z] [INFO] Found 1 subscriber(s). Evaluating schedules...
[2026-04-08T02:05:18.178Z] [INFO] Scan complete. Dispatched: 0, Skipped: 1, Total: 1
[2026-04-08T02:20:17.577Z] [INFO] Warden scan starting...
[2026-04-08T02:20:18.116Z] [INFO] Found 1 subscriber(s). Evaluating schedules...
[2026-04-08T02:20:18.117Z] [INFO] Scan complete. Dispatched: 0, Skipped: 1, Total: 1
[2026-04-08T02:35:17.587Z] [INFO] Warden scan starting...
[2026-04-08T02:35:17.928Z] [INFO] Found 2 subscriber(s). Evaluating schedules...
[2026-04-08T02:35:17.930Z] [INFO] Scan complete. Dispatched: 0, Skipped: 2, Total: 2
[2026-04-08T02:50:17.600Z] [INFO] Warden scan starting...
[2026-04-08T02:50:18.111Z] [INFO] Found 2 subscriber(s). Evaluating schedules...
[2026-04-08T02:50:18.113Z] [INFO] Scan complete. Dispatched: 0, Skipped: 2, Total: 2
[2026-04-08T03:05:17.610Z] [INFO] Warden scan starting...
[2026-04-08T03:05:18.088Z] [INFO] Found 2 subscriber(s). Evaluating schedules...
[2026-04-08T03:05:18.089Z] [INFO] Scan complete. Dispatched: 0, Skipped: 2, Total: 2
[2026-04-08T03:20:17.618Z] [INFO] Warden scan starting...
[2026-04-08T03:20:17.975Z] [INFO] Found 2 subscriber(s). Evaluating schedules...
[2026-04-08T03:20:17.976Z] [INFO] Scan complete. Dispatched: 0, Skipped: 2, Total: 2
[2026-04-08T03:35:17.630Z] [INFO] Warden scan starting...
[2026-04-08T03:35:18.099Z] [INFO] Found 2 subscriber(s). Evaluating schedules...
[2026-04-08T03:35:18.100Z] [INFO] Scan complete. Dispatched: 0, Skipped: 2, Total: 2
[2026-04-08T03:50:17.632Z] [INFO] Warden scan starting...
[2026-04-08T03:50:18.091Z] [INFO] Found 2 subscriber(s). Evaluating schedules...
[2026-04-08T03:50:18.092Z] [INFO] Scan complete. Dispatched: 0, Skipped: 2, Total: 2
[2026-04-08T04:05:17.647Z] [INFO] Warden scan starting...
[2026-04-08T04:05:18.229Z] [INFO] Found 2 subscriber(s). Evaluating schedules...
[2026-04-08T04:05:18.231Z] [INFO] Scan complete. Dispatched: 0, Skipped: 2, Total: 2
[2026-04-08T04:20:17.649Z] [INFO] Warden scan starting...
[2026-04-08T04:20:18.135Z] [INFO] Found 2 subscriber(s). Evaluating schedules...
[2026-04-08T04:20:18.136Z] [INFO] Scan complete. Dispatched: 0, Skipped: 2, Total: 2
[2026-04-08T04:35:17.661Z] [INFO] Warden scan starting...
[2026-04-08T04:35:18.014Z] [INFO] Found 2 subscriber(s). Evaluating schedules...
[2026-04-08T04:35:18.015Z] [INFO] Scan complete. Dispatched: 0, Skipped: 2, Total: 2
[2026-04-08T04:50:17.662Z] [INFO] Warden scan starting...
[2026-04-08T04:50:18.155Z] [INFO] Found 2 subscriber(s). Evaluating schedules...
[2026-04-08T04:50:18.157Z] [INFO] Scan complete. Dispatched: 0, Skipped: 2, Total: 2
[2026-04-08T05:05:17.674Z] [INFO] Warden scan starting...
[2026-04-08T05:05:18.187Z] [INFO] Found 2 subscriber(s). Evaluating schedules...
[2026-04-08T05:05:18.188Z] [INFO] Scan complete. Dispatched: 0, Skipped: 2, Total: 2
[2026-04-08T05:20:17.674Z] [INFO] Warden scan starting...
[2026-04-08T05:20:18.220Z] [INFO] Found 2 subscriber(s). Evaluating schedules...
[2026-04-08T05:20:18.221Z] [INFO] Scan complete. Dispatched: 0, Skipped: 2, Total: 2
[2026-04-08T05:35:17.680Z] [INFO] Warden scan starting...
[2026-04-08T05:35:18.343Z] [INFO] Found 2 subscriber(s). Evaluating schedules...
[2026-04-08T05:35:18.344Z] [INFO] Scan complete. Dispatched: 0, Skipped: 2, Total: 2
[2026-04-08T05:50:17.689Z] [INFO] Warden scan starting...
[2026-04-08T05:50:18.162Z] [INFO] Found 2 subscriber(s). Evaluating schedules...
[2026-04-08T05:50:18.163Z] [INFO] Scan complete. Dispatched: 0, Skipped: 2, Total: 2
[2026-04-08T06:05:17.699Z] [INFO] Warden scan starting...
[2026-04-08T06:05:18.404Z] [INFO] Found 2 subscriber(s). Evaluating schedules...
[2026-04-08T06:05:18.406Z] [INFO] Scan complete. Dispatched: 0, Skipped: 2, Total: 2
[2026-04-08T06:20:17.707Z] [INFO] Warden scan starting...
[2026-04-08T06:20:18.325Z] [INFO] Found 2 subscriber(s). Evaluating schedules...
[2026-04-08T06:20:18.326Z] [INFO] Scan complete. Dispatched: 0, Skipped: 2, Total: 2
[2026-04-08T06:35:17.714Z] [INFO] Warden scan starting...
[2026-04-08T06:35:18.069Z] [INFO] Found 2 subscriber(s). Evaluating schedules...
[2026-04-08T06:35:18.071Z] [INFO] Scan complete. Dispatched: 0, Skipped: 2, Total: 2
[2026-04-08T06:50:17.725Z] [INFO] Warden scan starting...
[2026-04-08T06:50:18.069Z] [INFO] Found 2 subscriber(s). Evaluating schedules...
[2026-04-08T06:50:18.071Z] [INFO] Scan complete. Dispatched: 0, Skipped: 2, Total: 2
[2026-04-08T07:05:17.736Z] [INFO] Warden scan starting...
[2026-04-08T07:05:18.340Z] [INFO] Found 2 subscriber(s). Evaluating schedules...
[2026-04-08T07:05:18.341Z] [INFO] Scan complete. Dispatched: 0, Skipped: 2, Total: 2
[2026-04-08T07:20:17.749Z] [INFO] Warden scan starting...
[2026-04-08T07:20:18.364Z] [INFO] Found 2 subscriber(s). Evaluating schedules...
[2026-04-08T07:20:18.366Z] [INFO] Scan complete. Dispatched: 0, Skipped: 2, Total: 2
[2026-04-08T07:35:17.758Z] [INFO] Warden scan starting...
[2026-04-08T07:35:18.307Z] [INFO] Found 2 subscriber(s). Evaluating schedules...
[2026-04-08T07:35:18.308Z] [INFO] Scan complete. Dispatched: 0, Skipped: 2, Total: 2
[2026-04-08T07:50:17.765Z] [INFO] Warden scan starting...
[2026-04-08T07:50:18.118Z] [INFO] Found 2 subscriber(s). Evaluating schedules...
[2026-04-08T07:50:18.120Z] [INFO] Scan complete. Dispatched: 0, Skipped: 2, Total: 2
[2026-04-08T08:05:17.765Z] [INFO] Warden scan starting...
[2026-04-08T08:05:18.484Z] [INFO] Found 2 subscriber(s). Evaluating schedules...
[2026-04-08T08:05:18.486Z] [INFO] Scan complete. Dispatched: 0, Skipped: 2, Total: 2
[2026-04-08T08:20:17.778Z] [INFO] Warden scan starting...
[2026-04-08T08:20:18.372Z] [INFO] Found 2 subscriber(s). Evaluating schedules...
[2026-04-08T08:20:18.373Z] [INFO] Scan complete. Dispatched: 0, Skipped: 2, Total: 2
[2026-04-08T08:35:17.780Z] [INFO] Warden scan starting...
[2026-04-08T08:35:18.354Z] [INFO] Found 2 subscriber(s). Evaluating schedules...
[2026-04-08T08:35:18.360Z] [INFO] Scan complete. Dispatched: 0, Skipped: 2, Total: 2
[2026-04-08T08:50:17.782Z] [INFO] Warden scan starting...
[2026-04-08T08:50:18.521Z] [INFO] Found 2 subscriber(s). Evaluating schedules...
[2026-04-08T08:50:18.523Z] [INFO] Scan complete. Dispatched: 0, Skipped: 2, Total: 2
[2026-04-08T09:05:17.796Z] [INFO] Warden scan starting...
[2026-04-08T09:05:18.207Z] [INFO] Found 2 subscriber(s). Evaluating schedules...
[2026-04-08T09:05:18.214Z] [INFO] Scan complete. Dispatched: 0, Skipped: 2, Total: 2
[2026-04-08T09:20:17.800Z] [INFO] Warden scan starting...
[2026-04-08T09:20:18.130Z] [INFO] Found 2 subscriber(s). Evaluating schedules...
[2026-04-08T09:20:18.131Z] [INFO] Scan complete. Dispatched: 0, Skipped: 2, Total: 2
[2026-04-08T09:35:17.814Z] [INFO] Warden scan starting...
[2026-04-08T09:35:18.162Z] [INFO] Found 2 subscriber(s). Evaluating schedules...
[2026-04-08T09:35:18.164Z] [INFO] Scan complete. Dispatched: 0, Skipped: 2, Total: 2
[2026-04-08T09:50:17.826Z] [INFO] Warden scan starting...
[2026-04-08T09:50:18.400Z] [INFO] Found 2 subscriber(s). Evaluating schedules...
[2026-04-08T09:50:18.401Z] [INFO] Scan complete. Dispatched: 0, Skipped: 2, Total: 2
[2026-04-08T10:05:17.832Z] [INFO] Warden scan starting...
[2026-04-08T10:05:18.220Z] [INFO] Found 2 subscriber(s). Evaluating schedules...
[2026-04-08T10:05:18.222Z] [INFO] Scan complete. Dispatched: 0, Skipped: 2, Total: 2
[2026-04-08T10:20:17.834Z] [INFO] Warden scan starting...
[2026-04-08T10:20:18.198Z] [INFO] Found 2 subscriber(s). Evaluating schedules...
[2026-04-08T10:20:18.200Z] [INFO] Scan complete. Dispatched: 0, Skipped: 2, Total: 2
[2026-04-08T10:35:17.850Z] [INFO] Warden scan starting...
[2026-04-08T10:35:18.415Z] [INFO] Found 2 subscriber(s). Evaluating schedules...
[2026-04-08T10:35:18.416Z] [INFO] Scan complete. Dispatched: 0, Skipped: 2, Total: 2
[2026-04-08T10:50:17.855Z] [INFO] Warden scan starting...
[2026-04-08T10:50:18.198Z] [INFO] Found 2 subscriber(s). Evaluating schedules...
[2026-04-08T10:50:18.203Z] [INFO] Scan complete. Dispatched: 0, Skipped: 2, Total: 2
[2026-04-08T11:05:17.855Z] [INFO] Warden scan starting...
[2026-04-08T11:05:18.209Z] [INFO] Found 2 subscriber(s). Evaluating schedules...
[2026-04-08T11:05:18.210Z] [INFO] Scan complete. Dispatched: 0, Skipped: 2, Total: 2
[2026-04-08T11:07:51.049Z] [INFO] Warden scan starting...
[2026-04-08T11:07:51.405Z] [INFO] Found 2 subscriber(s). Evaluating schedules...
[2026-04-08T11:07:51.430Z] [INFO] Scan complete. Dispatched: 0, Skipped: 2, Total: 2
[2026-04-08T11:10:09.380Z] [INFO] Warden scan starting...
[2026-04-08T11:10:09.744Z] [INFO] Found 2 subscriber(s). Evaluating schedules...
[2026-04-08T11:10:09.767Z] [INFO] Scan complete. Dispatched: 0, Skipped: 2, Total: 2
[2026-04-08T11:20:17.862Z] [INFO] Warden scan starting...
[2026-04-08T11:20:18.212Z] [INFO] Found 2 subscriber(s). Evaluating schedules...
[2026-04-08T11:20:18.215Z] [INFO] Scan complete. Dispatched: 0, Skipped: 2, Total: 2
[2026-04-08T11:35:17.868Z] [INFO] Warden scan starting...
[2026-04-08T11:35:18.210Z] [INFO] Found 2 subscriber(s). Evaluating schedules...
[2026-04-08T11:35:18.211Z] [INFO] Scan complete. Dispatched: 0, Skipped: 2, Total: 2
[2026-04-08T11:43:10.983Z] [INFO] Warden loop mode — scan every 5m, job queue every 10s.
[2026-04-08T11:43:11.347Z] [INFO] Warden scan starting...
[2026-04-08T11:43:11.474Z] [INFO] Found 2 subscriber(s). Evaluating schedules...
[2026-04-08T11:43:11.497Z] [INFO] Scan complete. Dispatched: 0, Skipped: 2, Total: 2
[2026-04-08T11:44:32.684Z] [INFO] Found 1 pending job(s) in brief_jobs queue.
[2026-04-08T11:44:32.792Z] [INFO] Processing job a58462db-bce3-4b68-bddb-9739efddbe53 for subscriber sub_6yed755h
[2026-04-08T11:46:17.035Z] [ERROR] Job a58462db-bce3-4b68-bddb-9739efddbe53 failed: Expected property name or '}' in JSON at position 1 (line 1 column 2)
[2026-04-08T11:48:19.162Z] [INFO] Warden scan starting...
[2026-04-08T11:48:19.321Z] [INFO] Found 2 subscriber(s). Evaluating schedules...
[2026-04-08T11:48:19.323Z] [INFO] Scan complete. Dispatched: 0, Skipped: 2, Total: 2
[2026-04-08T11:50:17.877Z] [INFO] Warden scan starting...
[2026-04-08T11:50:18.018Z] [INFO] Found 2 subscriber(s). Evaluating schedules...
[2026-04-08T11:50:18.020Z] [INFO] Scan complete. Dispatched: 0, Skipped: 2, Total: 2
[2026-04-08T11:53:33.481Z] [INFO] Warden loop mode — scan every 5m, job queue every 10s.
[2026-04-08T11:53:34.032Z] [INFO] Warden scan starting...
[2026-04-08T11:53:34.161Z] [INFO] Found 2 subscriber(s). Evaluating schedules...
[2026-04-08T11:53:34.183Z] [INFO] Scan complete. Dispatched: 0, Skipped: 2, Total: 2
[2026-04-08T11:54:35.397Z] [INFO] Found 1 pending job(s) in brief_jobs queue.
[2026-04-08T11:54:35.504Z] [INFO] Processing job 4c6ba186-1438-4255-b780-31689d08e3aa for subscriber sub_6yed755h
[2026-04-08T11:54:48.091Z] [DEBUG] Scout raw response (first 500 chars): updates April 8 2026 published in the last 24-48 hours",\n    "maritime sanctions compliance alerts shipping companies April 2026 published in the last 24-48 hours",\n    "VLGC charter rates spot rates April 2026 published in the last 24-48 hours",\n    "LNG carrier charter rates freight rates April 2026 published in the last 24-48 hours",\n    "LNG LPG ship managers owners operators Middle East Africa India fleet expansion 2026 published in the last 24-48 hours",\n    "shipowners Middle East Africa 
[2026-04-08T12:01:46.063Z] [DEBUG] Architect raw response (first 500 chars): ```json\n{\n  "subscriberId": "sub_6yed755h",\n  "subscriberName": "Jonas",\n  "companyName": "Svanehoj",\n  "generatedAt": "2026-04-08T06:00:00Z",\n  "sections": [\n    {\n      "title": "Middle East Conflict & Regional Operations",\n      "items": [\n        {\n          "headline": "Houthi cease-fire posture remains fragile — Red Sea transits still commercially avoided by major operators",\n          "summary": "Despite intermittent diplomatic signals, the majority of major LPG and LNG operators continue
[2026-04-08T12:01:46.425Z] [INFO] Job 4c6ba186-1438-4255-b780-31689d08e3aa complete.
[2026-04-08T12:01:56.572Z] [INFO] Warden scan starting...
[2026-04-08T12:01:56.698Z] [INFO] Found 2 subscriber(s). Evaluating schedules...
[2026-04-08T12:01:56.700Z] [INFO] Scan complete. Dispatched: 0, Skipped: 2, Total: 2
[2026-04-08T12:07:01.474Z] [INFO] Warden scan starting...
[2026-04-08T12:07:01.596Z] [INFO] Found 2 subscriber(s). Evaluating schedules...
[2026-04-08T12:07:01.597Z] [INFO] Scan complete. Dispatched: 0, Skipped: 2, Total: 2
[2026-04-08T12:08:15.981Z] [INFO] Warden loop mode — scan every 5m, job queue every 10s.
[2026-04-08T12:08:16.298Z] [WARN] Job queue fetch failed: column brief_jobs.dispatch_now does not exist
[2026-04-08T12:08:16.299Z] [INFO] Warden scan starting...
[2026-04-08T12:08:16.407Z] [INFO] Found 2 subscriber(s). Evaluating schedules...
[2026-04-08T12:08:16.430Z] [INFO] Scan complete. Dispatched: 0, Skipped: 2, Total: 2
[2026-04-08T12:08:26.587Z] [WARN] Job queue fetch failed: column brief_jobs.dispatch_now does not exist
[2026-04-08T12:08:36.731Z] [WARN] Job queue fetch failed: column brief_jobs.dispatch_now does not exist
[2026-04-08T12:08:46.880Z] [WARN] Job queue fetch failed: column brief_jobs.dispatch_now does not exist
[2026-04-08T12:08:57.037Z] [WARN] Job queue fetch failed: column brief_jobs.dispatch_now does not exist
[2026-04-08T12:09:07.309Z] [WARN] Job queue fetch failed: column brief_jobs.dispatch_now does not exist
[2026-04-08T12:09:17.461Z] [WARN] Job queue fetch failed: column brief_jobs.dispatch_now does not exist
[2026-04-08T12:09:27.617Z] [WARN] Job queue fetch failed: column brief_jobs.dispatch_now does not exist
[2026-04-08T12:09:37.783Z] [WARN] Job queue fetch failed: column brief_jobs.dispatch_now does not exist
[2026-04-08T12:09:47.944Z] [WARN] Job queue fetch failed: column brief_jobs.dispatch_now does not exist
[2026-04-08T12:09:58.091Z] [WARN] Job queue fetch failed: column brief_jobs.dispatch_now does not exist
[2026-04-08T12:10:08.248Z] [WARN] Job queue fetch failed: column brief_jobs.dispatch_now does not exist
[2026-04-08T12:10:18.408Z] [WARN] Job queue fetch failed: column brief_jobs.dispatch_now does not exist
[2026-04-08T12:10:28.619Z] [WARN] Job queue fetch failed: column brief_jobs.dispatch_now does not exist
[2026-04-08T12:10:38.772Z] [WARN] Job queue fetch failed: column brief_jobs.dispatch_now does not exist
[2026-04-08T12:10:48.913Z] [WARN] Job queue fetch failed: column brief_jobs.dispatch_now does not exist
[2026-04-08T12:10:59.068Z] [WARN] Job queue fetch failed: column brief_jobs.dispatch_now does not exist
[2026-04-08T12:11:09.208Z] [WARN] Job queue fetch failed: column brief_jobs.dispatch_now does not exist
[2026-04-08T12:11:19.364Z] [WARN] Job queue fetch failed: column brief_jobs.dispatch_now does not exist
[2026-04-08T12:11:29.513Z] [WARN] Job queue fetch failed: column brief_jobs.dispatch_now does not exist
[2026-04-08T12:13:21.127Z] [INFO] Warden scan starting...
[2026-04-08T12:13:21.258Z] [INFO] Found 2 subscriber(s). Evaluating schedules...
[2026-04-08T12:13:21.259Z] [INFO] Scan complete. Dispatched: 0, Skipped: 2, Total: 2
[2026-04-08T12:15:53.665Z] [INFO] Found 1 pending job(s) in brief_jobs queue.
[2026-04-08T12:15:53.773Z] [INFO] Processing job cdb010dd-e306-45b1-8465-0b3c761fddf9 for subscriber sub_6yed755h [DISPATCH MODE]
[2026-04-08T12:16:08.824Z] [DEBUG] Scout raw response (first 500 chars): dock Middle East Africa India 2026 published in the last 24-48 hours",\n    "Middle East conflict shipping impact maritime Red Sea 2026 published today 2026-04-08",\n    "maritime sanctions compliance shipping violations 2026 published in the last 24-48 hours",\n    "unbiased maritime news Middle East Africa shipping 2026 published in the last 24-48 hours",\n    "LNG LPG vessel owners operators Middle East Africa India fleet expansion 2026 published in the last 24-48 hours",\n    "shipowners maritime
[2026-04-08T12:25:31.927Z] [INFO] Warden loop mode — scan every 5m, job queue every 10s.
[2026-04-08T12:25:32.502Z] [INFO] Warden scan starting...
[2026-04-08T12:25:32.633Z] [INFO] Found 2 subscriber(s). Evaluating schedules...
[2026-04-08T12:25:32.654Z] [INFO] Scan complete. Dispatched: 0, Skipped: 2, Total: 2
[2026-04-08T12:25:52.955Z] [INFO] Found 1 pending job(s) in brief_jobs queue.
[2026-04-08T12:25:53.063Z] [INFO] Processing job fc16572e-3a9b-40c5-8663-5f8cdac66a97 for subscriber sub_6yed755h [DISPATCH MODE]
[2026-04-08T12:26:09.905Z] [DEBUG] Scout raw response (first 500 chars): dry dock schedule Middle East Africa India - published in the last 24-48 hours",\n    "Middle East conflict shipping route disruptions Red Sea Gulf today 2026-04-08",\n    "maritime sanctions shipping compliance violations 2026 - published in the last 24-48 hours",\n    "LNG LPG vessel port updates Arabian Gulf Indian Ocean today 2026-04-08",\n    "LPG LNG ship owners operators Middle East Africa new fleet orders - published in the last 24-48 hours",\n    "maritime ship management companies Africa Mi
[2026-04-08T12:27:40.596Z] [DEBUG] Architect raw response (first 500 chars): ```json\n{\n  "subscriberId": "sub_6yed755h",\n  "subscriberName": "Jonas",\n  "companyName": "Svanehoj",\n  "generatedAt": "2026-04-08T06:00:00Z",\n  "sections": [\n    {\n      "title": "Drydock & Maintenance Intelligence",\n      "items": [\n        {\n          "headline": "Dubai Drydocks World reports Q2 2026 slot congestion for LPG carriers over 40,000 DWT",\n          "summary": "Dubai Drydocks World is reporting extended lead times for LPG carrier special surveys, with Q2 2026 slots now booking into
[2026-04-08T12:27:40.599Z] [INFO] Job fc16572e-3a9b-40c5-8663-5f8cdac66a97 — rendering PDF...
[2026-04-08T12:27:41.109Z] [ERROR] Job fc16572e-3a9b-40c5-8663-5f8cdac66a97 failed: fetch failed
[2026-04-08T12:30:34.046Z] [INFO] Warden scan starting...
[2026-04-08T12:30:34.168Z] [INFO] Found 2 subscriber(s). Evaluating schedules...
[2026-04-08T12:30:34.170Z] [INFO] Scan complete. Dispatched: 0, Skipped: 2, Total: 2
[2026-04-08T12:35:38.935Z] [INFO] Warden scan starting...
[2026-04-08T12:35:39.065Z] [INFO] Found 2 subscriber(s). Evaluating schedules...
[2026-04-08T12:35:39.066Z] [INFO] Scan complete. Dispatched: 0, Skipped: 2, Total: 2
[2026-04-08T12:38:42.489Z] [INFO] Warden loop mode — scan every 5m, job queue every 10s.
[2026-04-08T12:38:42.655Z] [INFO] Warden scan starting...
[2026-04-08T12:38:42.782Z] [INFO] Found 2 subscriber(s). Evaluating schedules...
[2026-04-08T12:38:42.804Z] [INFO] Scan complete. Dispatched: 0, Skipped: 2, Total: 2
[2026-04-08T12:43:54.599Z] [INFO] Warden loop mode — scan every 5m, job queue every 10s.
[2026-04-08T12:43:54.778Z] [INFO] Warden scan starting...
[2026-04-08T12:43:54.908Z] [INFO] Found 2 subscriber(s). Evaluating schedules...
[2026-04-08T12:43:54.930Z] [INFO] Scan complete. Dispatched: 0, Skipped: 2, Total: 2
[2026-04-08T12:44:05.088Z] [INFO] Found 1 pending job(s) in brief_jobs queue.
[2026-04-08T12:44:05.195Z] [INFO] Processing job e5c38632-7ddf-42b3-82bf-897d8271c14b for subscriber sub_6yed755h [DISPATCH MODE]
[2026-04-08T12:44:21.105Z] [DEBUG] Scout raw response (first 500 chars): sanctions compliance shipping alerts published in the last 24-48 hours",\n    "LNG carrier vessel entries Middle East port today 2026-04-08",\n    "LPG carrier dry dock scheduling Middle East Africa published in the last 24-48 hours",\n    "LNG LPG vessel managers Middle East Africa new fleet expansion published in the last 24-48 hours",\n    "Shipowners Middle East Indian sub continent maritime services RFQ today 2026-04-08",\n    "LNG LPG operators Africa fleet growth announcements published in the
[2026-04-08T12:45:51.390Z] [DEBUG] Architect raw response (first 500 chars): ```json\n{\n  "subscriberId": "sub_6yed755h",\n  "subscriberName": "Jonas",\n  "companyName": "Svanehoj",\n  "generatedAt": "2026-04-08T06:00:00Z",\n  "sections": [\n    {\n      "title": "Sanctions & Compliance Alerts",\n      "items": [\n        {\n          "headline": "OFAC Tightens Enforcement on Iranian LPG Shipments via UAE Intermediaries",\n          "summary": "OFAC issued updated guidance on April 7 flagging a network of UAE-registered shell entities facilitating Iranian LPG cargo movements throug
[2026-04-08T12:45:51.392Z] [INFO] Job e5c38632-7ddf-42b3-82bf-897d8271c14b — rendering PDF...
[2026-04-08T12:45:51.743Z] [ERROR] Job e5c38632-7ddf-42b3-82bf-897d8271c14b failed: Cannot read properties of undefined (reading 'replace')
[2026-04-08T12:49:04.782Z] [INFO] Warden scan starting...
[2026-04-08T12:49:04.913Z] [INFO] Found 2 subscriber(s). Evaluating schedules...
[2026-04-08T12:49:04.914Z] [INFO] Scan complete. Dispatched: 0, Skipped: 2, Total: 2
[2026-04-08T12:54:09.886Z] [INFO] Warden scan starting...
[2026-04-08T12:54:10.025Z] [INFO] Found 2 subscriber(s). Evaluating schedules...
[2026-04-08T12:54:10.027Z] [INFO] Scan complete. Dispatched: 0, Skipped: 2, Total: 2
[2026-04-08T12:58:44.567Z] [INFO] Warden loop mode — scan every 5m, job queue every 10s.
[2026-04-08T12:58:44.868Z] [INFO] Warden scan starting...
[2026-04-08T12:58:45.003Z] [INFO] Found 2 subscriber(s). Evaluating schedules...
[2026-04-08T12:58:45.024Z] [INFO] Scan complete. Dispatched: 0, Skipped: 2, Total: 2
[2026-04-08T12:59:15.463Z] [INFO] Found 1 pending job(s) in brief_jobs queue.
[2026-04-08T12:59:15.566Z] [INFO] Processing job a10c14ac-f165-4308-854e-8c17f28f9df5 for subscriber sub_6yed755h [DISPATCH MODE]
[2026-04-08T12:59:42.839Z] [DEBUG] Scout raw response (first 500 chars): ": "Main Intelligence", "query": "LPG LNG carriers dry dock schedule Middle East Africa April 2026 published in the last 24-48 hours"}, {"category": "Main Intelligence", "query": "Middle East conflict shipping impact Red Sea Gulf April 8 2026 today"}, {"category": "Main Intelligence", "query": "maritime sanctions compliance shipping alerts April 2026 published in the last 24-48 hours"}, {"category": "Main Intelligence", "query": "LNG LPG vessel arrivals port updates Indian subcontinent April 202
[2026-04-08T13:01:12.877Z] [DEBUG] Architect raw response (first 500 chars): ```json\n{\n  "subscriberId": "sub_6yed755h",\n  "subscriberName": "Jonas",\n  "companyName": "Svanehoj",\n  "generatedAt": "2026-04-08T06:00:00Z",\n  "sections": [\n    {\n      "title": "Main Intelligence",\n      "items": [\n        {\n          "headline": "VLGC Drydock Activity Accelerates at UAE and Bahrain Yards Ahead of Q2 Survey Window",\n          "summary": "Multiple VLGCs and LPG carriers are entering or completing scheduled Class 5-year surveys at Drydocks World Dubai and ASRY Bahrain through A
[2026-04-08T13:01:12.880Z] [INFO] Job a10c14ac-f165-4308-854e-8c17f28f9df5 — rendering PDF...
[2026-04-08T13:01:14.284Z] [ERROR] Job a10c14ac-f165-4308-854e-8c17f28f9df5 failed: Failed to launch the browser process:  spawn C:\Users\Atlas\AppData\Local\Temp\chromium ENOENT

stderr:


TROUBLESHOOTING: https://pptr.dev/troubleshooting

[2026-04-08T13:03:47.259Z] [INFO] Warden scan starting...
[2026-04-08T13:03:47.390Z] [INFO] Found 2 subscriber(s). Evaluating schedules...
[2026-04-08T13:03:47.392Z] [INFO] Scan complete. Dispatched: 0, Skipped: 2, Total: 2
[2026-04-08T13:08:52.026Z] [INFO] Warden scan starting...
[2026-04-08T13:08:52.151Z] [INFO] Found 2 subscriber(s). Evaluating schedules...
[2026-04-08T13:08:52.152Z] [INFO] Scan complete. Dispatched: 0, Skipped: 2, Total: 2
[2026-04-08T13:12:45.913Z] [INFO] Warden loop mode — scan every 5m, job queue every 10s.
[2026-04-08T13:12:46.627Z] [INFO] Warden scan starting...
[2026-04-08T13:12:46.761Z] [INFO] Found 2 subscriber(s). Evaluating schedules...
[2026-04-08T13:12:46.783Z] [INFO] Scan complete. Dispatched: 0, Skipped: 2, Total: 2
[2026-04-08T13:13:27.383Z] [INFO] Found 1 pending job(s) in brief_jobs queue.
[2026-04-08T13:13:27.490Z] [INFO] Processing job d1b7fd29-b8b7-45f7-ad02-a3a0923e51d7 for subscriber sub_6yed755h [DISPATCH MODE]
[2026-04-08T13:13:45.149Z] [DEBUG] Scout raw response (first 500 chars): "queries": [\n    "LPG LNG carriers dry dock Middle East Africa published in the last 24-48 hours",\n    "Middle East conflict shipping impact latest April 8 2026",\n    "maritime sanctions compliance shipping vessels published today 2026-04-08",\n    "LPG LNG vessel port calls Middle East Africa Indian sub continent published in the last 24-48 hours",\n    "shipping news Middle East Africa unbiased April 8 2026",\n    "LNG LPG ship owners operators Middle East Africa fleet expansion 2026 published in
[2026-04-08T13:15:13.898Z] [DEBUG] Architect raw response (first 500 chars): ```json\n{\n  "subscriberId": "sub_6yed755h",\n  "subscriberName": "Jonas",\n  "companyName": "Svanehoj",\n  "generatedAt": "2026-04-08T06:00:00Z",\n  "sections": [\n    {\n      "title": "Drydock & Fleet Operations",\n      "items": [\n        {\n          "headline": "BW LPG schedules Q2 drydock cluster for four VLGCs at Drydocks World Dubai",\n          "summary": "BW LPG has confirmed a block-booking of four VLGC drydock slots at Drydocks World Dubai running May through July 2026, aligned with their cla
[2026-04-08T13:15:13.901Z] [INFO] Job d1b7fd29-b8b7-45f7-ad02-a3a0923e51d7 — rendering PDF...
[2026-04-08T13:15:14.338Z] [ERROR] Job d1b7fd29-b8b7-45f7-ad02-a3a0923e51d7 failed: Failed to launch the browser process:  spawn C:\Users\Atlas\AppData\Local\Temp\chromium ENOENT

stderr:


TROUBLESHOOTING: https://pptr.dev/troubleshooting

[2026-04-08T13:16:41.192Z] [INFO] Warden loop mode — scan every 5m, job queue every 10s.
[2026-04-08T13:16:41.438Z] [INFO] Warden scan starting...
[2026-04-08T13:16:41.569Z] [INFO] Found 2 subscriber(s). Evaluating schedules...
[2026-04-08T13:16:41.591Z] [INFO] Scan complete. Dispatched: 0, Skipped: 2, Total: 2
[2026-04-08T13:17:01.894Z] [INFO] Found 1 pending job(s) in brief_jobs queue.
[2026-04-08T13:17:02.005Z] [INFO] Processing job 4bb80e19-d2e7-448d-a1a2-b57d8076895f for subscriber sub_6yed755h [DISPATCH MODE]
[2026-04-08T13:17:29.929Z] [DEBUG] Scout raw response (first 500 chars): operators Middle East Africa Indian subcontinent fleet expansion announced published in the last 24-48 hours",\n    "shipowners Middle East dry dock maintenance contracts LPG LNG carriers published in the last 24-48 hours",\n    "LNG LPG carrier newbuilding orders owners published in the last 24-48 hours",\n    "Formula 1 latest news race results today 2026-04-08",\n    "VLGC spot charter rates market update April 2026 published in the last 24-48 hours",\n    "LNG carrier spot freight rates movement 
[2026-04-08T13:18:59.032Z] [DEBUG] Architect raw response (first 500 chars): ```json\n{\n  "subscriberId": "sub_6yed755h",\n  "subscriberName": "Jonas",\n  "companyName": "Svanehoj",\n  "generatedAt": "2026-04-08T06:00:00Z",\n  "sections": [\n    {\n      "title": "Fleet & Drydock Intelligence — Middle East, Indian Subcontinent & Africa",\n      "items": [\n        {\n          "headline": "ADNOC Logistics & Services advances drydock schedule for three LPG carriers ahead of Q3 Gulf operations",\n          "summary": "ADNOC L&S has brought forward planned special surveys on three LPG
[2026-04-08T13:18:59.035Z] [INFO] Job 4bb80e19-d2e7-448d-a1a2-b57d8076895f — rendering PDF...
[2026-04-08T13:18:59.247Z] [ERROR] Job 4bb80e19-d2e7-448d-a1a2-b57d8076895f failed: Failed to launch the browser process:  spawn C:\Users\Atlas\AppData\Local\Temp\chromium ENOENT

stderr:


TROUBLESHOOTING: https://pptr.dev/troubleshooting

[2026-04-08T13:21:26.645Z] [INFO] Warden loop mode — scan every 5m, job queue every 10s.
[2026-04-08T13:21:26.842Z] [INFO] Warden scan starting...
[2026-04-08T13:21:27.004Z] [INFO] Found 2 subscriber(s). Evaluating schedules...
[2026-04-08T13:21:27.025Z] [INFO] Scan complete. Dispatched: 0, Skipped: 2, Total: 2
[2026-04-08T13:21:47.311Z] [INFO] Found 1 pending job(s) in brief_jobs queue.
[2026-04-08T13:21:47.419Z] [INFO] Processing job 8c6a016d-ebbe-4cf9-96f6-4b467a41e08f for subscriber sub_6yed755h [DISPATCH MODE]
[2026-04-08T13:22:07.302Z] [DEBUG] Scout raw response (first 500 chars): ","Maritime sanctions compliance shipping April 2026 published in the last 24-48 hours","Gulf port operations LNG LPG vessel updates today 2026-04-08 published in the last 24-48 hours","LNG carrier newbuilding deliveries fleet expansion Middle East April 2026 published in the last 24-48 hours","LNG LPG ship managers operators Africa Middle East fleet expansion April 2026 published in the last 24-48 hours","Shipowners maritime services RFQs partnership announcements India Africa April 2026 publis
[2026-04-08T13:23:35.983Z] [DEBUG] Architect raw response (first 500 chars): ```json\n{\n  "subscriberId": "sub_6yed755h",\n  "subscriberName": "Jonas",\n  "companyName": "Svanehoj",\n  "generatedAt": "2026-04-08T06:00:00Z",\n  "sections": [\n    {\n      "title": "Sanctions & Compliance",\n      "items": [\n        {\n          "headline": "OFAC Expands Iran Shipping Designations — Three Additional Vessel Operators Blacklisted",\n          "summary": "OFAC added three Iran-linked LPG and product tanker operators to the SDN list on 7 April 2026, citing continued sanctions evasion th
[2026-04-08T13:23:35.985Z] [INFO] Job 8c6a016d-ebbe-4cf9-96f6-4b467a41e08f — rendering PDF...
[2026-04-08T13:23:38.347Z] [INFO] Job 8c6a016d-ebbe-4cf9-96f6-4b467a41e08f — Postman delivering to jonasrydbirk@gmail.com...
[2026-04-08T13:23:38.348Z] [ERROR] Postman failed for jonasrydbirk@gmail.com: Graph API credentials missing — set GRAPH_TENANT_ID, GRAPH_CLIENT_ID, and GRAPH_CLIENT_SECRET
[2026-04-08T13:23:38.349Z] [ERROR] Job 8c6a016d-ebbe-4cf9-96f6-4b467a41e08f failed: Graph API credentials missing — set GRAPH_TENANT_ID, GRAPH_CLIENT_ID, and GRAPH_CLIENT_SECRET
[2026-04-08T13:25:13.274Z] [INFO] Warden loop mode — scan every 5m, job queue every 10s.
[2026-04-08T13:25:13.542Z] [INFO] Warden scan starting...
[2026-04-08T13:25:13.678Z] [INFO] Found 2 subscriber(s). Evaluating schedules...
[2026-04-08T13:25:13.699Z] [INFO] Scan complete. Dispatched: 0, Skipped: 2, Total: 2
[2026-04-08T13:25:23.927Z] [INFO] Found 1 pending job(s) in brief_jobs queue.
[2026-04-08T13:25:24.032Z] [INFO] Processing job 4a331385-2e79-48b4-96b5-4e42327eea6c for subscriber sub_6yed755h [DISPATCH MODE]
[2026-04-08T13:25:43.631Z] [DEBUG] Scout raw response (first 500 chars): 2026-04-08","LNG carrier port calls Middle East Indian subcontinent published in the last 24-48 hours","LPG vessel charter rates Middle East Africa published in the last 24-48 hours","Middle East Africa LNG LPG ship management companies fleet expansion published in the last 24-48 hours","Shipowners seeking maritime services Middle East Africa published in the last 24-48 hours","LNG LPG vessel operators Middle East India Africa newbuild orders published in the last 24-48 hours","Formula 1 race re
[2026-04-08T13:27:12.343Z] [DEBUG] Architect raw response (first 500 chars): ```json\n{\n  "subscriberId": "sub_6yed755h",\n  "subscriberName": "Jonas",\n  "companyName": "Svanehoj",\n  "generatedAt": "2026-04-08T06:00:00Z",\n  "sections": [\n    {\n      "title": "Fleet & Drydock Intelligence",\n      "items": [\n        {\n          "headline": "ADNOC Logistics & Services schedules LPG carrier drydock block at Dubai Drydocks World, Q2 2026",\n          "summary": "ADNOC L&S has confirmed a cluster of three LPG vessels entering drydock at Dubai Drydocks World between late April and
[2026-04-08T13:27:12.345Z] [INFO] Job 4a331385-2e79-48b4-96b5-4e42327eea6c — rendering PDF...
[2026-04-08T13:27:14.332Z] [INFO] Job 4a331385-2e79-48b4-96b5-4e42327eea6c — Postman delivering to jonasrydbirk@gmail.com...
[2026-04-08T13:27:16.525Z] [INFO] Job 4a331385-2e79-48b4-96b5-4e42327eea6c DELIVERED to jonasrydbirk@gmail.com.
[2026-04-08T13:30:19.251Z] [INFO] Warden scan starting...
[2026-04-08T13:30:19.378Z] [INFO] Found 2 subscriber(s). Evaluating schedules...
[2026-04-08T13:30:19.380Z] [INFO] Scan complete. Dispatched: 0, Skipped: 2, Total: 2
[2026-04-08T13:35:24.342Z] [INFO] Warden scan starting...
[2026-04-08T13:35:24.463Z] [INFO] Found 2 subscriber(s). Evaluating schedules...
[2026-04-08T13:35:24.464Z] [INFO] Scan complete. Dispatched: 0, Skipped: 2, Total: 2
[2026-04-08T13:36:48.425Z] [INFO] Warden one-shot mode (--once).
[2026-04-08T13:36:48.426Z] [INFO] Warden scan starting...
[2026-04-08T13:36:48.589Z] [INFO] Found 2 subscriber(s). Evaluating schedules...
[2026-04-08T13:36:48.612Z] [INFO] Scan complete. Dispatched: 0, Skipped: 2, Total: 2
[2026-04-08T13:40:32.440Z] [INFO] Warden loop mode — scan every 5m, job queue every 10s.
[2026-04-08T13:40:32.617Z] [INFO] Warden scan starting...
[2026-04-08T13:40:32.743Z] [INFO] Found 2 subscriber(s). Evaluating schedules...
[2026-04-08T13:40:32.765Z] [INFO] Scan complete. Dispatched: 0, Skipped: 2, Total: 2
[2026-04-08T13:41:13.361Z] [INFO] Found 1 pending job(s) in brief_jobs queue.
[2026-04-08T13:41:13.469Z] [INFO] Processing job 8b2bcbb0-d89b-4a7b-a38f-46713fce1434 for subscriber sub_6yed755h [DISPATCH MODE]
[2026-04-08T13:41:30.929Z] [DEBUG] Scout raw response (first 500 chars): 2026-04-08","maritime sanctions compliance shipping vessels today 2026-04-08","LNG LPG carrier port updates Middle East Indian subcontinent published in the last 24-48 hours","LNG LPG ship managers owners operators Middle East Africa 2026 published in the last 24-48 hours","maritime fleet expansion projects shipbuilding Middle East Africa Indian subcontinent today 2026-04-08","shipowners seeking maritime services Middle East Africa tender RFQ published in the last 24-48 hours","Formula 1 latest 
[2026-04-08T13:43:34.044Z] [DEBUG] Architect raw response (first 500 chars): ```json\n{\n  "subscriberId": "sub_6yed755h",\n  "subscriberName": "Jonas",\n  "companyName": "Svanehoj",\n  "generatedAt": "2026-04-08T06:00:00Z",\n  "sections": [\n    {\n      "title": "Drydock & Fleet Maintenance Intelligence",\n      "items": [\n        {\n          "headline": "ADNOC Logistics fleet drydock wave accelerates — three LPG carriers scheduled Q2 2026",\n          "summary": "ADNOC Logistics & Services has confirmed a cluster of LPG carrier drydockings across Q2 2026, with yard slots booked
[2026-04-08T13:43:34.045Z] [INFO] Job 8b2bcbb0-d89b-4a7b-a38f-46713fce1434 — rendering PDF...
[2026-04-08T13:43:36.743Z] [INFO] Job 8b2bcbb0-d89b-4a7b-a38f-46713fce1434 — Postman delivering to jonasrydbirk@gmail.com...
[2026-04-08T13:43:38.744Z] [INFO] Job 8b2bcbb0-d89b-4a7b-a38f-46713fce1434 DELIVERED to jonasrydbirk@gmail.com.
[2026-04-08T13:45:40.834Z] [INFO] Warden scan starting...
[2026-04-08T13:45:40.967Z] [INFO] Found 2 subscriber(s). Evaluating schedules...
[2026-04-08T13:45:40.968Z] [INFO] Scan complete. Dispatched: 0, Skipped: 2, Total: 2
[2026-04-08T13:50:46.579Z] [INFO] Warden scan starting...
[2026-04-08T13:50:46.700Z] [INFO] Found 2 subscriber(s). Evaluating schedules...
[2026-04-08T13:50:46.701Z] [INFO] Scan complete. Dispatched: 0, Skipped: 2, Total: 2
[2026-04-08T13:55:51.466Z] [INFO] Warden scan starting...
[2026-04-08T13:55:51.587Z] [INFO] Found 2 subscriber(s). Evaluating schedules...
[2026-04-08T13:55:51.588Z] [INFO] Scan complete. Dispatched: 0, Skipped: 2, Total: 2
[2026-04-08T14:00:56.584Z] [INFO] Warden scan starting...
[2026-04-08T14:00:56.706Z] [INFO] Found 2 subscriber(s). Evaluating schedules...
[2026-04-08T14:00:56.707Z] [INFO] Scan complete. Dispatched: 0, Skipped: 2, Total: 2
[2026-04-08T14:06:01.507Z] [INFO] Warden scan starting...
[2026-04-08T14:06:01.635Z] [INFO] Found 2 subscriber(s). Evaluating schedules...
[2026-04-08T14:06:01.636Z] [INFO] Scan complete. Dispatched: 0, Skipped: 2, Total: 2
[2026-04-08T14:11:06.820Z] [INFO] Warden scan starting...
[2026-04-08T14:11:06.942Z] [INFO] Found 2 subscriber(s). Evaluating schedules...
[2026-04-08T14:11:06.943Z] [INFO] Scan complete. Dispatched: 0, Skipped: 2, Total: 2
[2026-04-08T14:15:11.678Z] [INFO] Found 1 pending job(s) in brief_jobs queue.
[2026-04-08T14:15:11.782Z] [INFO] Processing job 67b28112-b370-4728-b6f0-aedcfce323ba for subscriber sub_6yed755h [DISPATCH MODE]
[2026-04-08T14:15:28.374Z] [DEBUG] Scout raw response (first 500 chars): 2026-04-08","Maritime sanctions compliance shipping 2026 published in the last 24-48 hours","LNG LPG carrier vessel arrivals Middle East ports today 2026-04-08","Port state control detention LPG LNG vessels Middle East Africa April 2026 published in the last 24-48 hours","LNG LPG ship owners Middle East Africa fleet expansion 2026 published in the last 24-48 hours","Ship management companies Middle East maritime services RFQ published in the last 24-48 hours","Maritime partnership opportunities 
[2026-04-08T14:17:35.116Z] [DEBUG] Architect raw response (first 500 chars): ```json\n{\n  "subscriberId": "sub_6yed755h",\n  "subscriberName": "Jonas",\n  "companyName": "Svanehoj",\n  "generatedAt": "2026-04-08T06:00:00Z",\n  "sections": [\n    {\n      "title": "Sanctions & Compliance",\n      "items": [\n        {\n          "headline": "OFAC Expands SDN Designations Targeting Iranian LPG Export Network",\n          "summary": "OFAC added six vessel-owning entities and four LPG tankers to the SDN list on April 7, targeting Iranian LPG flows through UAE-based front companies. Any
[2026-04-08T14:17:35.117Z] [INFO] Job 67b28112-b370-4728-b6f0-aedcfce323ba — rendering PDF...
[2026-04-08T14:17:37.787Z] [INFO] Job 67b28112-b370-4728-b6f0-aedcfce323ba — Postman delivering to jonasrydbirk@gmail.com...
[2026-04-08T14:17:38.595Z] [INFO] Job 67b28112-b370-4728-b6f0-aedcfce323ba DELIVERED to jonasrydbirk@gmail.com.
[2026-04-08T14:17:48.738Z] [INFO] Warden scan starting...
[2026-04-08T14:17:48.861Z] [INFO] Found 2 subscriber(s). Evaluating schedules...
[2026-04-08T14:17:48.863Z] [INFO] Scan complete. Dispatched: 0, Skipped: 2, Total: 2
[2026-04-08T14:22:54.569Z] [INFO] Warden scan starting...
[2026-04-08T14:22:54.703Z] [INFO] Found 2 subscriber(s). Evaluating schedules...
[2026-04-08T14:22:54.704Z] [INFO] Scan complete. Dispatched: 0, Skipped: 2, Total: 2
[2026-04-08T14:27:59.321Z] [INFO] Warden scan starting...
[2026-04-08T14:27:59.444Z] [INFO] Found 2 subscriber(s). Evaluating schedules...
[2026-04-08T14:27:59.445Z] [INFO] Scan complete. Dispatched: 0, Skipped: 2, Total: 2
[2026-04-08T14:30:21.653Z] [INFO] Found 1 pending job(s) in brief_jobs queue.
[2026-04-08T14:30:21.757Z] [INFO] Processing job 1a8c23f1-b9a9-4a03-990c-009fef1c7aba for subscriber sub_6yed755h [DISPATCH MODE]
[2026-04-08T14:30:37.591Z] [DEBUG] Scout raw response (first 500 chars): PG LNG carrier dry dock schedule Middle East Africa India published in the last 24-48 hours","Middle East conflict shipping impact Red Sea Gulf latest news today 2026-04-08","Maritime sanctions shipping compliance alerts today 2026-04-08","LNG carrier vessel movements Arabian Gulf Oman published in the last 24-48 hours","LPG carrier port operations India Pakistan Middle East today 2026-04-08","Shipping news Middle East Indian Ocean unbiased today 2026-04-08","LNG vessel managers owners Middle Ea
[2026-04-08T14:32:34.933Z] [DEBUG] Architect raw response (first 500 chars): ```json\n{\n  "subscriberId": "sub_6yed755h",\n  "subscriberName": "Jonas",\n  "companyName": "Svanehoj",\n  "generatedAt": "2026-04-08T06:00:00Z",\n  "sections": [\n    {\n      "title": "Drydock & Vessel Activity — LPG/LNG Fleet",\n      "items": [\n        {\n          "headline": "VLGC throughput at Fujairah drops as two vessels divert for unscheduled inspection — class-driven",\n          "summary": "Two VLGCs operating in the Arabian Gulf have been diverted to Fujairah anchorage following an unschedul
[2026-04-08T14:32:34.934Z] [INFO] Job 1a8c23f1-b9a9-4a03-990c-009fef1c7aba — rendering PDF...
[2026-04-08T14:32:37.787Z] [INFO] Job 1a8c23f1-b9a9-4a03-990c-009fef1c7aba — Postman delivering to jonasrydbirk@gmail.com...
[2026-04-08T14:32:38.835Z] [INFO] Job 1a8c23f1-b9a9-4a03-990c-009fef1c7aba DELIVERED to jonasrydbirk@gmail.com.
[2026-04-08T14:33:09.338Z] [INFO] Warden scan starting...
[2026-04-08T14:33:09.474Z] [INFO] Found 2 subscriber(s). Evaluating schedules...
[2026-04-08T14:33:09.475Z] [INFO] Scan complete. Dispatched: 0, Skipped: 2, Total: 2
[2026-04-08T14:38:14.459Z] [INFO] Warden scan starting...
[2026-04-08T14:38:14.581Z] [INFO] Found 2 subscriber(s). Evaluating schedules...
[2026-04-08T14:38:14.582Z] [INFO] Scan complete. Dispatched: 0, Skipped: 2, Total: 2
[2026-04-08T14:43:19.549Z] [INFO] Warden scan starting...
[2026-04-08T14:43:19.688Z] [INFO] Found 2 subscriber(s). Evaluating schedules...
[2026-04-08T14:43:19.690Z] [INFO] Scan complete. Dispatched: 0, Skipped: 2, Total: 2
[2026-04-08T14:48:25.047Z] [INFO] Warden scan starting...
[2026-04-08T14:48:25.172Z] [INFO] Found 2 subscriber(s). Evaluating schedules...
[2026-04-08T14:48:25.174Z] [INFO] Scan complete. Dispatched: 0, Skipped: 2, Total: 2
[2026-04-08T14:53:30.392Z] [INFO] Warden scan starting...
[2026-04-08T14:53:30.532Z] [INFO] Found 2 subscriber(s). Evaluating schedules...
[2026-04-08T14:53:30.533Z] [INFO] Scan complete. Dispatched: 0, Skipped: 2, Total: 2
[2026-04-08T14:58:36.345Z] [INFO] Warden scan starting...
[2026-04-08T14:58:36.471Z] [INFO] Found 2 subscriber(s). Evaluating schedules...
[2026-04-08T14:58:36.473Z] [INFO] Scan complete. Dispatched: 0, Skipped: 2, Total: 2
[2026-04-08T15:03:41.271Z] [INFO] Warden scan starting...
[2026-04-08T15:03:41.393Z] [INFO] Found 2 subscriber(s). Evaluating schedules...
[2026-04-08T15:03:41.394Z] [INFO] Scan complete. Dispatched: 0, Skipped: 2, Total: 2
[2026-04-08T15:08:47.152Z] [INFO] Warden scan starting...
[2026-04-08T15:08:47.279Z] [INFO] Found 2 subscriber(s). Evaluating schedules...
[2026-04-08T15:08:47.281Z] [INFO] Scan complete. Dispatched: 0, Skipped: 2, Total: 2
[2026-04-08T15:13:52.288Z] [INFO] Warden scan starting...
[2026-04-08T15:13:52.423Z] [INFO] Found 2 subscriber(s). Evaluating schedules...
[2026-04-08T15:13:52.424Z] [INFO] Scan complete. Dispatched: 0, Skipped: 2, Total: 2
[2026-04-08T15:18:57.704Z] [INFO] Warden scan starting...
[2026-04-08T15:18:57.830Z] [INFO] Found 2 subscriber(s). Evaluating schedules...
[2026-04-08T15:18:57.831Z] [INFO] Scan complete. Dispatched: 0, Skipped: 2, Total: 2
[2026-04-08T15:24:03.055Z] [INFO] Warden scan starting...
[2026-04-08T15:24:03.183Z] [INFO] Found 2 subscriber(s). Evaluating schedules...
[2026-04-08T15:24:03.184Z] [INFO] Scan complete. Dispatched: 0, Skipped: 2, Total: 2
[2026-04-08T15:29:08.468Z] [INFO] Warden scan starting...
[2026-04-08T15:29:08.602Z] [INFO] Found 2 subscriber(s). Evaluating schedules...
[2026-04-08T15:29:08.604Z] [INFO] Scan complete. Dispatched: 0, Skipped: 2, Total: 2
[2026-04-08T15:34:14.070Z] [INFO] Warden scan starting...
[2026-04-08T15:34:14.193Z] [INFO] Found 2 subscriber(s). Evaluating schedules...
[2026-04-08T15:34:14.194Z] [INFO] Scan complete. Dispatched: 0, Skipped: 2, Total: 2
[2026-04-08T15:39:19.503Z] [INFO] Warden scan starting...
[2026-04-08T15:39:19.634Z] [INFO] Found 2 subscriber(s). Evaluating schedules...
[2026-04-08T15:39:19.635Z] [INFO] Scan complete. Dispatched: 0, Skipped: 2, Total: 2
[2026-04-08T15:44:25.188Z] [INFO] Warden scan starting...
[2026-04-08T15:44:25.319Z] [INFO] Found 2 subscriber(s). Evaluating schedules...
[2026-04-08T15:44:25.321Z] [INFO] Scan complete. Dispatched: 0, Skipped: 2, Total: 2
[2026-04-08T15:49:30.805Z] [INFO] Warden scan starting...
[2026-04-08T15:49:30.935Z] [INFO] Found 2 subscriber(s). Evaluating schedules...
[2026-04-08T15:49:30.936Z] [INFO] Scan complete. Dispatched: 0, Skipped: 2, Total: 2
[2026-04-08T15:54:36.091Z] [INFO] Warden scan starting...
[2026-04-08T15:54:36.217Z] [INFO] Found 2 subscriber(s). Evaluating schedules...
[2026-04-08T15:54:36.218Z] [INFO] Scan complete. Dispatched: 0, Skipped: 2, Total: 2
[2026-04-08T15:59:41.142Z] [INFO] Warden scan starting...
[2026-04-08T15:59:41.265Z] [INFO] Found 2 subscriber(s). Evaluating schedules...
[2026-04-08T15:59:41.267Z] [INFO] Scan complete. Dispatched: 0, Skipped: 2, Total: 2
[2026-04-08T16:04:46.531Z] [INFO] Warden scan starting...
[2026-04-08T16:04:46.665Z] [INFO] Found 2 subscriber(s). Evaluating schedules...
[2026-04-08T16:04:46.666Z] [INFO] Scan complete. Dispatched: 0, Skipped: 2, Total: 2
[2026-04-08T16:09:51.767Z] [INFO] Warden scan starting...
[2026-04-08T16:09:51.892Z] [INFO] Found 2 subscriber(s). Evaluating schedules...
[2026-04-08T16:09:51.893Z] [INFO] Scan complete. Dispatched: 0, Skipped: 2, Total: 2
[2026-04-08T16:14:57.380Z] [INFO] Warden scan starting...
[2026-04-08T16:14:57.510Z] [INFO] Found 2 subscriber(s). Evaluating schedules...
[2026-04-08T16:14:57.511Z] [INFO] Scan complete. Dispatched: 0, Skipped: 2, Total: 2
[2026-04-08T16:20:02.881Z] [INFO] Warden scan starting...
[2026-04-08T16:20:03.005Z] [INFO] Found 2 subscriber(s). Evaluating schedules...
[2026-04-08T16:20:03.006Z] [INFO] Scan complete. Dispatched: 0, Skipped: 2, Total: 2
[2026-04-08T16:25:09.665Z] [INFO] Warden scan starting...
[2026-04-08T16:25:09.810Z] [INFO] Found 2 subscriber(s). Evaluating schedules...
[2026-04-08T16:25:09.811Z] [INFO] Scan complete. Dispatched: 0, Skipped: 2, Total: 2
[2026-04-08T16:30:15.298Z] [INFO] Warden scan starting...
[2026-04-08T16:30:15.421Z] [INFO] Found 2 subscriber(s). Evaluating schedules...
[2026-04-08T16:30:15.422Z] [INFO] Scan complete. Dispatched: 0, Skipped: 2, Total: 2
[2026-04-08T16:35:20.923Z] [INFO] Warden scan starting...
[2026-04-08T16:35:21.047Z] [INFO] Found 2 subscriber(s). Evaluating schedules...
[2026-04-08T16:35:21.049Z] [INFO] Scan complete. Dispatched: 0, Skipped: 2, Total: 2
[2026-04-08T16:40:26.632Z] [INFO] Warden scan starting...
[2026-04-08T16:40:26.756Z] [INFO] Found 2 subscriber(s). Evaluating schedules...
[2026-04-08T16:40:26.757Z] [INFO] Scan complete. Dispatched: 0, Skipped: 2, Total: 2
[2026-04-08T16:45:32.365Z] [INFO] Warden scan starting...
[2026-04-08T16:45:32.497Z] [INFO] Found 2 subscriber(s). Evaluating schedules...
[2026-04-08T16:45:32.498Z] [INFO] Scan complete. Dispatched: 0, Skipped: 2, Total: 2
[2026-04-08T16:50:37.696Z] [INFO] Warden scan starting...
[2026-04-08T16:50:37.817Z] [INFO] Found 2 subscriber(s). Evaluating schedules...
[2026-04-08T16:50:37.818Z] [INFO] Scan complete. Dispatched: 0, Skipped: 2, Total: 2
[2026-04-08T16:55:43.481Z] [INFO] Warden scan starting...
[2026-04-08T16:55:43.605Z] [INFO] Found 2 subscriber(s). Evaluating schedules...
[2026-04-08T16:55:43.606Z] [INFO] Scan complete. Dispatched: 0, Skipped: 2, Total: 2
[2026-04-08T17:00:48.958Z] [INFO] Warden scan starting...
[2026-04-08T17:00:49.082Z] [INFO] Found 2 subscriber(s). Evaluating schedules...
[2026-04-08T17:00:49.083Z] [INFO] Scan complete. Dispatched: 0, Skipped: 2, Total: 2
[2026-04-08T17:05:54.260Z] [INFO] Warden scan starting...
[2026-04-08T17:05:54.384Z] [INFO] Found 2 subscriber(s). Evaluating schedules...
[2026-04-08T17:05:54.385Z] [INFO] Scan complete. Dispatched: 0, Skipped: 2, Total: 2
[2026-04-08T17:10:59.655Z] [INFO] Warden scan starting...
[2026-04-08T17:10:59.776Z] [INFO] Found 2 subscriber(s). Evaluating schedules...
[2026-04-08T17:10:59.777Z] [INFO] Scan complete. Dispatched: 0, Skipped: 2, Total: 2
[2026-04-08T17:16:04.996Z] [INFO] Warden scan starting...
[2026-04-08T17:16:05.125Z] [INFO] Found 2 subscriber(s). Evaluating schedules...
[2026-04-08T17:16:05.127Z] [INFO] Scan complete. Dispatched: 0, Skipped: 2, Total: 2
[2026-04-08T17:21:10.579Z] [INFO] Warden scan starting...
[2026-04-08T17:21:10.700Z] [INFO] Found 2 subscriber(s). Evaluating schedules...
[2026-04-08T17:21:10.701Z] [INFO] Scan complete. Dispatched: 0, Skipped: 2, Total: 2
[2026-04-08T17:26:16.117Z] [INFO] Warden scan starting...
[2026-04-08T17:26:16.244Z] [INFO] Found 2 subscriber(s). Evaluating schedules...
[2026-04-08T17:26:16.245Z] [INFO] Scan complete. Dispatched: 0, Skipped: 2, Total: 2
[2026-04-08T17:31:22.269Z] [INFO] Warden scan starting...
[2026-04-08T17:31:22.396Z] [INFO] Found 2 subscriber(s). Evaluating schedules...
[2026-04-08T17:31:22.397Z] [INFO] Scan complete. Dispatched: 0, Skipped: 2, Total: 2
[2026-04-08T17:36:27.891Z] [INFO] Warden scan starting...
[2026-04-08T17:36:28.016Z] [INFO] Found 2 subscriber(s). Evaluating schedules...
[2026-04-08T17:36:28.018Z] [INFO] Scan complete. Dispatched: 0, Skipped: 2, Total: 2
[2026-04-08T17:41:33.550Z] [INFO] Warden scan starting...
[2026-04-08T17:41:33.671Z] [INFO] Found 2 subscriber(s). Evaluating schedules...
[2026-04-08T17:41:33.673Z] [INFO] Scan complete. Dispatched: 0, Skipped: 2, Total: 2
[2026-04-08T17:46:39.035Z] [INFO] Warden scan starting...
[2026-04-08T17:46:39.162Z] [INFO] Found 2 subscriber(s). Evaluating schedules...
[2026-04-08T17:46:39.163Z] [INFO] Scan complete. Dispatched: 0, Skipped: 2, Total: 2
[2026-04-08T17:51:44.463Z] [INFO] Warden scan starting...
[2026-04-08T17:51:44.584Z] [INFO] Found 2 subscriber(s). Evaluating schedules...
[2026-04-08T17:51:44.585Z] [INFO] Scan complete. Dispatched: 0, Skipped: 2, Total: 2
[2026-04-08T17:56:50.139Z] [INFO] Warden scan starting...
[2026-04-08T17:56:50.267Z] [INFO] Found 2 subscriber(s). Evaluating schedules...
[2026-04-08T17:56:50.268Z] [INFO] Scan complete. Dispatched: 0, Skipped: 2, Total: 2
[2026-04-08T18:01:55.922Z] [INFO] Warden scan starting...
[2026-04-08T18:01:56.046Z] [INFO] Found 2 subscriber(s). Evaluating schedules...
[2026-04-08T18:01:56.047Z] [INFO] Scan complete. Dispatched: 0, Skipped: 2, Total: 2
[2026-04-08T18:07:02.726Z] [INFO] Warden scan starting...
[2026-04-08T18:07:02.853Z] [INFO] Found 2 subscriber(s). Evaluating schedules...
[2026-04-08T18:07:02.854Z] [INFO] Scan complete. Dispatched: 0, Skipped: 2, Total: 2
[2026-04-08T18:12:08.183Z] [INFO] Warden scan starting...
[2026-04-08T18:12:08.306Z] [INFO] Found 2 subscriber(s). Evaluating schedules...
[2026-04-08T18:12:08.307Z] [INFO] Scan complete. Dispatched: 0, Skipped: 2, Total: 2
[2026-04-08T18:17:13.684Z] [INFO] Warden scan starting...
[2026-04-08T18:17:13.810Z] [INFO] Found 2 subscriber(s). Evaluating schedules...
[2026-04-08T18:17:13.811Z] [INFO] Scan complete. Dispatched: 0, Skipped: 2, Total: 2
[2026-04-08T18:22:19.077Z] [INFO] Warden scan starting...
[2026-04-08T18:22:19.210Z] [INFO] Found 2 subscriber(s). Evaluating schedules...
[2026-04-08T18:22:19.212Z] [INFO] Scan complete. Dispatched: 0, Skipped: 2, Total: 2
[2026-04-08T18:27:25.170Z] [INFO] Warden scan starting...
[2026-04-08T18:27:25.293Z] [INFO] Found 2 subscriber(s). Evaluating schedules...
[2026-04-08T18:27:25.294Z] [INFO] Scan complete. Dispatched: 0, Skipped: 2, Total: 2
[2026-04-08T18:32:31.792Z] [INFO] Warden scan starting...
[2026-04-08T18:32:31.918Z] [INFO] Found 2 subscriber(s). Evaluating schedules...
[2026-04-08T18:32:31.919Z] [INFO] Scan complete. Dispatched: 0, Skipped: 2, Total: 2
[2026-04-08T18:37:39.028Z] [INFO] Warden scan starting...
[2026-04-08T18:37:39.152Z] [INFO] Found 2 subscriber(s). Evaluating schedules...
[2026-04-08T18:37:39.153Z] [INFO] Scan complete. Dispatched: 0, Skipped: 2, Total: 2
[2026-04-08T18:42:44.904Z] [INFO] Warden scan starting...
[2026-04-08T18:42:45.026Z] [INFO] Found 2 subscriber(s). Evaluating schedules...
[2026-04-08T18:42:45.027Z] [INFO] Scan complete. Dispatched: 0, Skipped: 2, Total: 2
[2026-04-08T18:47:50.860Z] [INFO] Warden scan starting...
[2026-04-08T18:47:50.984Z] [INFO] Found 2 subscriber(s). Evaluating schedules...
[2026-04-08T18:47:50.985Z] [INFO] Scan complete. Dispatched: 0, Skipped: 2, Total: 2
[2026-04-08T18:52:56.743Z] [INFO] Warden scan starting...
[2026-04-08T18:52:56.872Z] [INFO] Found 2 subscriber(s). Evaluating schedules...
[2026-04-08T18:52:56.873Z] [INFO] Scan complete. Dispatched: 0, Skipped: 2, Total: 2
[2026-04-08T18:58:06.943Z] [INFO] Warden scan starting...
[2026-04-08T18:58:07.068Z] [INFO] Found 2 subscriber(s). Evaluating schedules...
[2026-04-08T18:58:07.069Z] [INFO] Scan complete. Dispatched: 0, Skipped: 2, Total: 2
[2026-04-08T19:03:12.868Z] [INFO] Warden scan starting...
[2026-04-08T19:03:13.001Z] [INFO] Found 2 subscriber(s). Evaluating schedules...
[2026-04-08T19:03:13.002Z] [INFO] Scan complete. Dispatched: 0, Skipped: 2, Total: 2
[2026-04-08T19:08:18.733Z] [INFO] Warden scan starting...
[2026-04-08T19:08:18.858Z] [INFO] Found 2 subscriber(s). Evaluating schedules...
[2026-04-08T19:08:18.859Z] [INFO] Scan complete. Dispatched: 0, Skipped: 2, Total: 2
[2026-04-08T19:13:24.739Z] [INFO] Warden scan starting...
[2026-04-08T19:13:24.869Z] [INFO] Found 2 subscriber(s). Evaluating schedules...
[2026-04-08T19:13:24.870Z] [INFO] Scan complete. Dispatched: 0, Skipped: 2, Total: 2
[2026-04-08T19:18:30.911Z] [INFO] Warden scan starting...
[2026-04-08T19:18:31.032Z] [INFO] Found 2 subscriber(s). Evaluating schedules...
[2026-04-08T19:18:31.033Z] [INFO] Scan complete. Dispatched: 0, Skipped: 2, Total: 2
[2026-04-08T19:23:36.646Z] [INFO] Warden scan starting...
[2026-04-08T19:23:36.773Z] [INFO] Found 2 subscriber(s). Evaluating schedules...
[2026-04-08T19:23:36.774Z] [INFO] Scan complete. Dispatched: 0, Skipped: 2, Total: 2
[2026-04-08T19:28:42.218Z] [INFO] Warden scan starting...
[2026-04-08T19:28:42.342Z] [INFO] Found 2 subscriber(s). Evaluating schedules...
[2026-04-08T19:28:42.343Z] [INFO] Scan complete. Dispatched: 0, Skipped: 2, Total: 2
[2026-04-08T19:33:49.086Z] [INFO] Warden scan starting...
[2026-04-08T19:33:49.210Z] [INFO] Found 2 subscriber(s). Evaluating schedules...
[2026-04-08T19:33:49.211Z] [INFO] Scan complete. Dispatched: 0, Skipped: 2, Total: 2
[2026-04-08T19:38:55.685Z] [INFO] Warden scan starting...
[2026-04-08T19:38:55.807Z] [INFO] Found 2 subscriber(s). Evaluating schedules...
[2026-04-08T19:38:55.808Z] [INFO] Scan complete. Dispatched: 0, Skipped: 2, Total: 2
[2026-04-08T19:44:01.704Z] [INFO] Warden scan starting...
[2026-04-08T19:44:01.828Z] [INFO] Found 2 subscriber(s). Evaluating schedules...
[2026-04-08T19:44:01.830Z] [INFO] Scan complete. Dispatched: 0, Skipped: 2, Total: 2
[2026-04-08T19:49:07.228Z] [INFO] Warden scan starting...
[2026-04-08T19:49:07.360Z] [INFO] Found 2 subscriber(s). Evaluating schedules...
[2026-04-08T19:49:07.361Z] [INFO] Scan complete. Dispatched: 0, Skipped: 2, Total: 2
[2026-04-08T19:54:13.003Z] [INFO] Warden scan starting...
[2026-04-08T19:54:13.133Z] [INFO] Found 2 subscriber(s). Evaluating schedules...
[2026-04-08T19:54:13.134Z] [INFO] Scan complete. Dispatched: 0, Skipped: 2, Total: 2
[2026-04-08T19:59:19.748Z] [INFO] Warden scan starting...
[2026-04-08T19:59:19.869Z] [INFO] Found 2 subscriber(s). Evaluating schedules...
[2026-04-08T19:59:19.870Z] [INFO] Scan complete. Dispatched: 0, Skipped: 2, Total: 2
[2026-04-08T20:04:26.333Z] [INFO] Warden scan starting...
[2026-04-08T20:04:26.463Z] [INFO] Found 2 subscriber(s). Evaluating schedules...
[2026-04-08T20:04:26.464Z] [INFO] Scan complete. Dispatched: 0, Skipped: 2, Total: 2
[2026-04-08T20:09:32.539Z] [INFO] Warden scan starting...
[2026-04-08T20:09:32.661Z] [INFO] Found 2 subscriber(s). Evaluating schedules...
[2026-04-08T20:09:32.662Z] [INFO] Scan complete. Dispatched: 0, Skipped: 2, Total: 2
[2026-04-08T20:14:40.443Z] [INFO] Warden scan starting...
[2026-04-08T20:14:40.565Z] [INFO] Found 2 subscriber(s). Evaluating schedules...
[2026-04-08T20:14:40.566Z] [INFO] Scan complete. Dispatched: 0, Skipped: 2, Total: 2
[2026-04-08T20:19:47.440Z] [INFO] Warden scan starting...
[2026-04-08T20:19:47.576Z] [INFO] Found 2 subscriber(s). Evaluating schedules...
[2026-04-08T20:19:47.577Z] [INFO] Scan complete. Dispatched: 0, Skipped: 2, Total: 2
[2026-04-08T20:23:19.628Z] [WARN] Job queue fetch failed: TypeError: fetch failed
[2026-04-08T20:23:56.194Z] [WARN] Job queue fetch failed: TypeError: fetch failed
[2026-04-08T20:24:28.543Z] [WARN] Job queue fetch failed: TypeError: fetch failed
[2026-04-08T20:24:49.188Z] [WARN] Job queue fetch failed: TypeError: fetch failed
[2026-04-08T20:24:59.210Z] [WARN] Job queue fetch failed: TypeError: fetch failed
[2026-04-08T20:24:59.211Z] [INFO] Warden scan starting...
[2026-04-08T20:24:59.214Z] [ERROR] Failed to fetch subscribers: TypeError: fetch failed
[2026-04-08T20:25:09.225Z] [WARN] Job queue fetch failed: TypeError: fetch failed
[2026-04-08T20:25:19.230Z] [WARN] Job queue fetch failed: TypeError: fetch failed
[2026-04-08T20:25:39.858Z] [WARN] Job queue fetch failed: TypeError: fetch failed
[2026-04-08T20:30:06.959Z] [INFO] Warden scan starting...
[2026-04-08T20:30:07.088Z] [INFO] Found 2 subscriber(s). Evaluating schedules...
[2026-04-08T20:30:07.089Z] [INFO] Scan complete. Dispatched: 0, Skipped: 2, Total: 2
[2026-04-08T20:35:11.504Z] [INFO] Warden scan starting...
[2026-04-08T20:35:11.633Z] [INFO] Found 2 subscriber(s). Evaluating schedules...
[2026-04-08T20:35:11.634Z] [INFO] Scan complete. Dispatched: 0, Skipped: 2, Total: 2
[2026-04-08T20:40:16.005Z] [INFO] Warden scan starting...
[2026-04-08T20:40:16.131Z] [INFO] Found 2 subscriber(s). Evaluating schedules...
[2026-04-08T20:40:16.133Z] [INFO] Scan complete. Dispatched: 0, Skipped: 2, Total: 2
[2026-04-08T20:45:20.621Z] [INFO] Warden scan starting...
[2026-04-08T20:45:20.740Z] [INFO] Found 2 subscriber(s). Evaluating schedules...
[2026-04-08T20:45:20.741Z] [INFO] Scan complete. Dispatched: 0, Skipped: 2, Total: 2
[2026-04-08T20:50:25.122Z] [INFO] Warden scan starting...
[2026-04-08T20:50:25.244Z] [INFO] Found 2 subscriber(s). Evaluating schedules...
[2026-04-08T20:50:25.245Z] [INFO] Scan complete. Dispatched: 0, Skipped: 2, Total: 2
[2026-04-08T20:55:29.620Z] [INFO] Warden scan starting...
[2026-04-08T20:55:29.745Z] [INFO] Found 2 subscriber(s). Evaluating schedules...
[2026-04-08T20:55:29.747Z] [INFO] Scan complete. Dispatched: 0, Skipped: 2, Total: 2
[2026-04-08T21:00:34.409Z] [INFO] Warden scan starting...
[2026-04-08T21:00:34.547Z] [INFO] Found 2 subscriber(s). Evaluating schedules...
[2026-04-08T21:00:34.548Z] [INFO] Scan complete. Dispatched: 0, Skipped: 2, Total: 2
[2026-04-08T21:05:38.902Z] [INFO] Warden scan starting...
[2026-04-08T21:05:39.024Z] [INFO] Found 2 subscriber(s). Evaluating schedules...
[2026-04-08T21:05:39.025Z] [INFO] Scan complete. Dispatched: 0, Skipped: 2, Total: 2
[2026-04-08T21:10:43.326Z] [INFO] Warden scan starting...
[2026-04-08T21:10:43.445Z] [INFO] Found 2 subscriber(s). Evaluating schedules...
[2026-04-08T21:10:43.446Z] [INFO] Scan complete. Dispatched: 0, Skipped: 2, Total: 2
[2026-04-08T21:15:47.796Z] [INFO] Warden scan starting...
[2026-04-08T21:15:47.915Z] [INFO] Found 2 subscriber(s). Evaluating schedules...
[2026-04-08T21:15:47.916Z] [INFO] Scan complete. Dispatched: 0, Skipped: 2, Total: 2
[2026-04-08T21:20:52.510Z] [INFO] Warden scan starting...
[2026-04-08T21:20:52.650Z] [INFO] Found 2 subscriber(s). Evaluating schedules...
[2026-04-08T21:20:52.651Z] [INFO] Scan complete. Dispatched: 0, Skipped: 2, Total: 2
[2026-04-08T21:25:57.039Z] [INFO] Warden scan starting...
[2026-04-08T21:25:57.163Z] [INFO] Found 2 subscriber(s). Evaluating schedules...
[2026-04-08T21:25:57.164Z] [INFO] Scan complete. Dispatched: 0, Skipped: 2, Total: 2
[2026-04-08T21:31:01.608Z] [INFO] Warden scan starting...
[2026-04-08T21:31:01.737Z] [INFO] Found 2 subscriber(s). Evaluating schedules...
[2026-04-08T21:31:01.738Z] [INFO] Scan complete. Dispatched: 0, Skipped: 2, Total: 2
[2026-04-08T21:36:06.207Z] [INFO] Warden scan starting...
[2026-04-08T21:36:06.330Z] [INFO] Found 2 subscriber(s). Evaluating schedules...
[2026-04-08T21:36:06.332Z] [INFO] Scan complete. Dispatched: 0, Skipped: 2, Total: 2
[2026-04-08T21:41:10.562Z] [INFO] Warden scan starting...
[2026-04-08T21:41:10.681Z] [INFO] Found 2 subscriber(s). Evaluating schedules...
[2026-04-08T21:41:10.682Z] [INFO] Scan complete. Dispatched: 0, Skipped: 2, Total: 2
[2026-04-08T21:46:15.149Z] [INFO] Warden scan starting...
[2026-04-08T21:46:15.272Z] [INFO] Found 2 subscriber(s). Evaluating schedules...
[2026-04-08T21:46:15.273Z] [INFO] Scan complete. Dispatched: 0, Skipped: 2, Total: 2
[2026-04-08T21:51:19.744Z] [INFO] Warden scan starting...
[2026-04-08T21:51:19.867Z] [INFO] Found 2 subscriber(s). Evaluating schedules...
[2026-04-08T21:51:19.868Z] [INFO] Scan complete. Dispatched: 0, Skipped: 2, Total: 2
[2026-04-08T21:56:24.253Z] [INFO] Warden scan starting...
[2026-04-08T21:56:24.373Z] [INFO] Found 2 subscriber(s). Evaluating schedules...
[2026-04-08T21:56:24.374Z] [INFO] Scan complete. Dispatched: 0, Skipped: 2, Total: 2
[2026-04-08T22:01:28.652Z] [INFO] Warden scan starting...
[2026-04-08T22:01:28.784Z] [INFO] Found 2 subscriber(s). Evaluating schedules...
[2026-04-08T22:01:28.786Z] [INFO] Scan complete. Dispatched: 0, Skipped: 2, Total: 2
[2026-04-08T22:06:33.204Z] [INFO] Warden scan starting...
[2026-04-08T22:06:33.328Z] [INFO] Found 2 subscriber(s). Evaluating schedules...
[2026-04-08T22:06:33.329Z] [INFO] Scan complete. Dispatched: 0, Skipped: 2, Total: 2
[2026-04-08T22:11:37.803Z] [INFO] Warden scan starting...
[2026-04-08T22:11:37.923Z] [INFO] Found 2 subscriber(s). Evaluating schedules...
[2026-04-08T22:11:37.924Z] [INFO] Scan complete. Dispatched: 0, Skipped: 2, Total: 2
[2026-04-08T22:16:42.476Z] [INFO] Warden scan starting...
[2026-04-08T22:16:42.602Z] [INFO] Found 2 subscriber(s). Evaluating schedules...
[2026-04-08T22:16:42.604Z] [INFO] Scan complete. Dispatched: 0, Skipped: 2, Total: 2
[2026-04-08T22:21:46.893Z] [INFO] Warden scan starting...
[2026-04-08T22:21:47.025Z] [INFO] Found 2 subscriber(s). Evaluating schedules...
[2026-04-08T22:21:47.026Z] [INFO] Scan complete. Dispatched: 0, Skipped: 2, Total: 2
[2026-04-08T22:26:51.573Z] [INFO] Warden scan starting...
[2026-04-08T22:26:51.692Z] [INFO] Found 2 subscriber(s). Evaluating schedules...
[2026-04-08T22:26:51.694Z] [INFO] Scan complete. Dispatched: 0, Skipped: 2, Total: 2
[2026-04-08T22:31:55.936Z] [INFO] Warden scan starting...
[2026-04-08T22:31:56.055Z] [INFO] Found 2 subscriber(s). Evaluating schedules...
[2026-04-08T22:31:56.057Z] [INFO] Scan complete. Dispatched: 0, Skipped: 2, Total: 2
[2026-04-08T22:37:00.515Z] [INFO] Warden scan starting...
[2026-04-08T22:37:00.645Z] [INFO] Found 2 subscriber(s). Evaluating schedules...
[2026-04-08T22:37:00.646Z] [INFO] Scan complete. Dispatched: 0, Skipped: 2, Total: 2
[2026-04-08T22:42:05.075Z] [INFO] Warden scan starting...
[2026-04-08T22:42:05.199Z] [INFO] Found 2 subscriber(s). Evaluating schedules...
[2026-04-08T22:42:05.200Z] [INFO] Scan complete. Dispatched: 0, Skipped: 2, Total: 2
[2026-04-08T22:47:09.519Z] [INFO] Warden scan starting...
[2026-04-08T22:47:09.638Z] [INFO] Found 2 subscriber(s). Evaluating schedules...
[2026-04-08T22:47:09.639Z] [INFO] Scan complete. Dispatched: 0, Skipped: 2, Total: 2
[2026-04-08T22:52:14.158Z] [INFO] Warden scan starting...
[2026-04-08T22:52:14.280Z] [INFO] Found 2 subscriber(s). Evaluating schedules...
[2026-04-08T22:52:14.281Z] [INFO] Scan complete. Dispatched: 0, Skipped: 2, Total: 2
[2026-04-08T22:57:18.839Z] [INFO] Warden scan starting...
[2026-04-08T22:57:18.964Z] [INFO] Found 2 subscriber(s). Evaluating schedules...
[2026-04-08T22:57:18.965Z] [INFO] Scan complete. Dispatched: 0, Skipped: 2, Total: 2
[2026-04-08T23:02:23.460Z] [INFO] Warden scan starting...
[2026-04-08T23:02:23.596Z] [INFO] Found 2 subscriber(s). Evaluating schedules...
[2026-04-08T23:02:23.597Z] [INFO] Scan complete. Dispatched: 0, Skipped: 2, Total: 2
[2026-04-08T23:07:27.960Z] [INFO] Warden scan starting...
[2026-04-08T23:07:28.083Z] [INFO] Found 2 subscriber(s). Evaluating schedules...
[2026-04-08T23:07:28.084Z] [INFO] Scan complete. Dispatched: 0, Skipped: 2, Total: 2
[2026-04-08T23:12:32.485Z] [INFO] Warden scan starting...
[2026-04-08T23:12:32.613Z] [INFO] Found 2 subscriber(s). Evaluating schedules...
[2026-04-08T23:12:32.614Z] [INFO] Scan complete. Dispatched: 0, Skipped: 2, Total: 2
[2026-04-08T23:17:37.019Z] [INFO] Warden scan starting...
[2026-04-08T23:17:37.143Z] [INFO] Found 2 subscriber(s). Evaluating schedules...
[2026-04-08T23:17:37.144Z] [INFO] Scan complete. Dispatched: 0, Skipped: 2, Total: 2
[2026-04-08T23:22:41.547Z] [INFO] Warden scan starting...
[2026-04-08T23:22:41.671Z] [INFO] Found 2 subscriber(s). Evaluating schedules...
[2026-04-08T23:22:41.672Z] [INFO] Scan complete. Dispatched: 0, Skipped: 2, Total: 2
[2026-04-08T23:27:46.160Z] [INFO] Warden scan starting...
[2026-04-08T23:27:46.284Z] [INFO] Found 2 subscriber(s). Evaluating schedules...
[2026-04-08T23:27:46.286Z] [INFO] Scan complete. Dispatched: 0, Skipped: 2, Total: 2
[2026-04-08T23:32:50.647Z] [INFO] Warden scan starting...
[2026-04-08T23:32:50.767Z] [INFO] Found 2 subscriber(s). Evaluating schedules...
[2026-04-08T23:32:50.768Z] [INFO] Scan complete. Dispatched: 0, Skipped: 2, Total: 2
[2026-04-08T23:37:55.184Z] [INFO] Warden scan starting...
[2026-04-08T23:37:55.308Z] [INFO] Found 2 subscriber(s). Evaluating schedules...
[2026-04-08T23:37:55.309Z] [INFO] Scan complete. Dispatched: 0, Skipped: 2, Total: 2
[2026-04-08T23:42:59.776Z] [INFO] Warden scan starting...
[2026-04-08T23:42:59.905Z] [INFO] Found 2 subscriber(s). Evaluating schedules...
[2026-04-08T23:42:59.906Z] [INFO] Scan complete. Dispatched: 0, Skipped: 2, Total: 2
[2026-04-08T23:48:04.233Z] [INFO] Warden scan starting...
[2026-04-08T23:48:04.363Z] [INFO] Found 2 subscriber(s). Evaluating schedules...
[2026-04-08T23:48:04.364Z] [INFO] Scan complete. Dispatched: 0, Skipped: 2, Total: 2
[2026-04-08T23:53:08.833Z] [INFO] Warden scan starting...
[2026-04-08T23:53:08.959Z] [INFO] Found 2 subscriber(s). Evaluating schedules...
[2026-04-08T23:53:08.960Z] [INFO] Scan complete. Dispatched: 0, Skipped: 2, Total: 2
[2026-04-08T23:58:13.377Z] [INFO] Warden scan starting...
[2026-04-08T23:58:13.499Z] [INFO] Found 2 subscriber(s). Evaluating schedules...
[2026-04-08T23:58:13.500Z] [INFO] Scan complete. Dispatched: 0, Skipped: 2, Total: 2
[2026-04-09T00:03:17.937Z] [INFO] Warden scan starting...
[2026-04-09T00:03:18.067Z] [INFO] Found 2 subscriber(s). Evaluating schedules...
[2026-04-09T00:03:18.068Z] [INFO] Scan complete. Dispatched: 0, Skipped: 2, Total: 2
[2026-04-09T00:08:22.433Z] [INFO] Warden scan starting...
[2026-04-09T00:08:22.556Z] [INFO] Found 2 subscriber(s). Evaluating schedules...
[2026-04-09T00:08:22.557Z] [INFO] Scan complete. Dispatched: 0, Skipped: 2, Total: 2
[2026-04-09T00:13:27.112Z] [INFO] Warden scan starting...
[2026-04-09T00:13:27.240Z] [INFO] Found 2 subscriber(s). Evaluating schedules...
[2026-04-09T00:13:27.242Z] [INFO] Scan complete. Dispatched: 0, Skipped: 2, Total: 2
[2026-04-09T00:18:31.603Z] [INFO] Warden scan starting...
[2026-04-09T00:18:31.728Z] [INFO] Found 2 subscriber(s). Evaluating schedules...
[2026-04-09T00:18:31.729Z] [INFO] Scan complete. Dispatched: 0, Skipped: 2, Total: 2
[2026-04-09T00:23:36.216Z] [INFO] Warden scan starting...
[2026-04-09T00:23:36.341Z] [INFO] Found 2 subscriber(s). Evaluating schedules...
[2026-04-09T00:23:36.342Z] [INFO] Scan complete. Dispatched: 0, Skipped: 2, Total: 2
[2026-04-09T00:28:40.814Z] [INFO] Warden scan starting...
[2026-04-09T00:28:40.936Z] [INFO] Found 2 subscriber(s). Evaluating schedules...
[2026-04-09T00:28:40.938Z] [INFO] Scan complete. Dispatched: 0, Skipped: 2, Total: 2
[2026-04-09T00:32:38.057Z] [INFO] Warden loop mode — scan every 5m, job queue every 10s.
[2026-04-09T00:32:38.234Z] [INFO] Warden scan starting...
[2026-04-09T00:32:38.367Z] [INFO] Found 2 subscriber(s). Evaluating schedules...
[2026-04-09T00:32:38.401Z] [INFO] Scan complete. Dispatched: 0, Skipped: 2, Total: 2
[2026-04-09T00:37:42.665Z] [INFO] Warden scan starting...
[2026-04-09T00:37:42.790Z] [INFO] Found 2 subscriber(s). Evaluating schedules...
[2026-04-09T00:37:42.791Z] [INFO] Scan complete. Dispatched: 0, Skipped: 2, Total: 2
[2026-04-09T00:39:14.077Z] [INFO] Found 1 pending job(s) in brief_jobs queue.
[2026-04-09T00:39:14.181Z] [INFO] Processing job c052e0cc-146e-4084-9c04-b2a63282782f for subscriber sub_6yed755h [DISPATCH MODE]
[2026-04-09T00:39:25.020Z] [DEBUG] Scout raw response (first 500 chars): the last 24-48 hours",\n    "Middle East conflict shipping disruption LPG LNG carriers today 2026-04-09",\n    "Maritime sanctions compliance shipping alerts today 2026-04-09",\n    "LPG LNG carrier port arrivals Middle East Africa published in the last 24-48 hours",\n    "Middle East shipping conflict latest news today 2026-04-09",\n    "LNG LPG vessel operators owners Middle East Africa fleet expansion announced published in the last 24-48 hours",\n    "Shipowners Middle East Africa maritime service
[2026-04-09T00:40:42.383Z] [DEBUG] Architect raw response (first 500 chars): ```json\n{\n  "subscriberId": "sub_6yed755h",\n  "subscriberName": "Jonas",\n  "companyName": "Svanehoj",\n  "generatedAt": "2026-04-09T06:00:00Z",\n  "sections": [\n    {\n      "title": "Middle East Conflict & Shipping Disruption",\n      "items": []\n    },\n    {\n      "title": "Sanctions & Compliance Alerts",\n      "items": []\n    },\n    {\n      "title": "LPG & LNG Carrier Fleet & Market Intelligence",\n      "items": []\n    },\n    {\n      "title": "Drydock & Port Activity — LPG/LNG Carriers",\n      "i
[2026-04-09T00:40:42.385Z] [INFO] Job c052e0cc-146e-4084-9c04-b2a63282782f — rendering PDF...
[2026-04-09T00:40:45.270Z] [INFO] Job c052e0cc-146e-4084-9c04-b2a63282782f — Postman delivering to jonasrydbirk@gmail.com...
[2026-04-09T00:40:46.813Z] [INFO] Job c052e0cc-146e-4084-9c04-b2a63282782f DELIVERED to jonasrydbirk@gmail.com.
[2026-04-09T00:42:48.554Z] [INFO] Warden scan starting...
[2026-04-09T00:42:48.677Z] [INFO] Found 2 subscriber(s). Evaluating schedules...
[2026-04-09T00:42:48.679Z] [INFO] Scan complete. Dispatched: 0, Skipped: 2, Total: 2
[2026-04-09T00:47:53.118Z] [INFO] Warden scan starting...
[2026-04-09T00:47:53.247Z] [INFO] Found 2 subscriber(s). Evaluating schedules...
[2026-04-09T00:47:53.249Z] [INFO] Scan complete. Dispatched: 0, Skipped: 2, Total: 2
[2026-04-09T00:52:57.651Z] [INFO] Warden scan starting...
[2026-04-09T00:52:57.780Z] [INFO] Found 2 subscriber(s). Evaluating schedules...
[2026-04-09T00:52:57.782Z] [INFO] Scan complete. Dispatched: 0, Skipped: 2, Total: 2
[2026-04-09T00:58:02.056Z] [INFO] Warden scan starting...
[2026-04-09T00:58:02.178Z] [INFO] Found 2 subscriber(s). Evaluating schedules...
[2026-04-09T00:58:02.180Z] [INFO] Scan complete. Dispatched: 0, Skipped: 2, Total: 2
[2026-04-09T01:00:40.880Z] [INFO] Warden loop mode — scan every 5m, job queue every 10s.
[2026-04-09T01:00:41.046Z] [INFO] Warden scan starting...
[2026-04-09T01:00:41.173Z] [INFO] Found 2 subscriber(s). Evaluating schedules...
[2026-04-09T01:00:41.308Z] [INFO] Generating brief for Jonas (sub_l0c6p2n8)
[2026-04-09T01:00:54.827Z] [DEBUG] Scout raw response (first 500 chars): marine IT systems API integration capabilities developments April 2026","autonomous shipping AI technology partnerships announcements April 2026","artificial intelligence port operations automation news April 2026","shipping companies fleet expansion announcements published in the last 7 days","maritime digital transformation projects RFIs RFQs April 2026","shipowners seeking AI integration services partnerships April 2026","Formula 1 latest race results highlights April 9 2026","F1 championship
[2026-04-09T01:01:49.965Z] [DEBUG] Architect raw response (first 500 chars): ```json\n{\n  "subscriberId": "sub_l0c6p2n8",\n  "subscriberName": "Jonas",\n  "companyName": "IQsea",\n  "generatedAt": "2026-04-09T07:00:00Z",\n  "sections": [\n    {\n      "title": "AI in Maritime — Technology & Partnerships",\n      "items": []\n    },\n    {\n      "title": "Maritime Digital Transformation & API Integration",\n      "items": []\n    },\n    {\n      "title": "Port Operations & Autonomous Shipping",\n      "items": []\n    }\n  ],\n  "tenderSection": null,\n  "prospectSection": [\n    {\n      "h
[2026-04-09T01:01:53.899Z] [INFO] Brief delivered to admin@iqsea.io via Graph API
[2026-04-09T01:01:54.003Z] [INFO] Generating brief for Jonas (sub_6yed755h)
[2026-04-09T01:02:18.669Z] [DEBUG] Scout raw response (first 500 chars): the last 7 days", "Maritime sanctions compliance shipping industry April 2026 published in the last 7 days", "LNG carrier port calls Middle East Africa April 2026 published in the last 7 days", "LPG vessel fleet newbuilding orders Middle East Indian subcontinent 2026 published in the last 7 days", "LNG LPG shipowners Middle East Africa fleet expansion announcements 2026 published in the last 7 days", "Maritime services RFQ tenders LNG LPG carriers Middle East Africa 2026 published in the last 7 
[2026-04-09T01:04:22.510Z] [DEBUG] Architect raw response (first 500 chars): ```json\n{\n  "subscriberId": "sub_6yed755h",\n  "subscriberName": "Jonas",\n  "companyName": "Svanehoj",\n  "generatedAt": "2026-04-09T06:00:00Z",\n  "sections": [\n    {\n      "title": "Sanctions & Compliance",\n      "items": [\n        {\n          "headline": "OFAC Designates Additional Vessels in Shadow Fleet Crackdown Targeting LPG and Product Tankers",\n          "summary": "The US Treasury's OFAC designated a further tranche of vessels in early April 2026 linked to sanctioned crude and LPG trade, 
[2026-04-09T01:04:25.478Z] [INFO] Brief delivered to jonasrydbirk@gmail.com via Graph API
[2026-04-09T01:04:25.479Z] [INFO] Scan complete. Dispatched: 2, Skipped: 0, Total: 2
